<?xml version="1.0" encoding="UTF-8"?>
<!-- Generated by org.testng.reporters.JUnitXMLReporter -->
<testsuite ignored="3" hostname="Trayambkay" failures="0" tests="1" name="Default test" time="0.054" errors="0" timestamp="2024-05-16T13:14:53 IST">
  <testcase classname="o9Screening.Arpan20220816_160621" name="Fibonacci" time="0.009"/>
  <testcase classname="o9Screening.Arpan20220816_160621" name="FibonacciForLoop" time="0.0">
    <ignored/>
  </testcase> <!-- FibonacciForLoop -->
  <testcase classname="o9Screening.Arpan20220816_160621" name="palindromeLinkedList" time="0.0">
    <ignored/>
  </testcase> <!-- palindromeLinkedList -->
  <testcase classname="o9Screening.Arpan20220816_160621" name="SubString" time="0.0">
    <ignored/>
  </testcase> <!-- SubString -->
</testsuite> <!-- Default test -->
