<?xml version="1.0" encoding="UTF-8"?>
<!-- Generated by org.testng.reporters.JUnitXMLReporter -->
<testsuite ignored="1" hostname="Trayambkay" failures="0" tests="1" name="Default test" time="0.054" errors="0" timestamp="2024-05-29T19:07:32 IST">
  <testcase classname="PrakashSirSpecific.GivenStringSubString" name="usingFor" time="0.012"/>
  <testcase classname="PrakashSirSpecific.GivenStringSubString" name="usingWhile" time="0.0">
    <ignored/>
  </testcase> <!-- usingWhile -->
</testsuite> <!-- Default test -->
