<?xml version="1.0" encoding="UTF-8"?>
<!-- Generated by org.testng.reporters.JUnitXMLReporter -->
<testsuite ignored="1" hostname="Trayambkay" failures="0" tests="1" name="Test1" time="0.049" errors="0" timestamp="2024-06-13T18:47:05 IST">
  <testcase classname="MyRandomPractices.duplicatePractise.Parent" name="method1" time="0.011"/>
  <testcase classname="MyRandomPractices.duplicatePractise.Parent" name="method2" time="0.0">
    <ignored/>
  </testcase> <!-- method2 -->
</testsuite> <!-- Test1 -->
