<?xml version="1.0" encoding="UTF-8"?>
<!-- Generated by org.testng.reporters.JUnitXMLReporter -->
<testsuite ignored="1" hostname="Trayambkay" failures="0" tests="1" name="Test" time="0.057" errors="0" timestamp="2024-06-13T18:40:19 IST">
  <testcase classname="MyRandomPractices.duplicatePractise.Parent" name="method1" time="0.009"/>
  <testcase classname="MyRandomPractices.duplicatePractise.Parent" name="method2" time="0.0">
    <ignored/>
  </testcase> <!-- method2 -->
</testsuite> <!-- Test -->
