<?xml version="1.0" encoding="UTF-8"?>
<testng-results ignored="0" total="3" passed="3" failed="0" skipped="0">
  <reporter-output>
  </reporter-output>
  <suite started-at="2024-05-15T17:01:56 IST" name="Default suite" finished-at="2024-05-15T17:01:56 IST" duration-ms="109">
    <groups>
    </groups>
    <test started-at="2024-05-15T17:01:56 IST" name="Default test" finished-at="2024-05-15T17:01:56 IST" duration-ms="109">
      <class name="InterView_Asked.SureMindsSolutions">
        <test-method signature="countEachWord()[pri:0, instance:InterView_Asked.SureMindsSolutions@6aeb35e6]" started-at="2024-05-15T17:01:56 IST" name="countEachWord" finished-at="2024-05-15T17:01:56 IST" duration-ms="15" status="PASS">
          <reporter-output>
          </reporter-output>
        </test-method> <!-- countEachWord -->
        <test-method signature="maxLengthWord()[pri:0, instance:InterView_Asked.SureMindsSolutions@6aeb35e6]" started-at="2024-05-15T17:01:56 IST" name="maxLengthWord" finished-at="2024-05-15T17:01:56 IST" duration-ms="7" status="PASS">
          <reporter-output>
          </reporter-output>
        </test-method> <!-- maxLengthWord -->
        <test-method signature="stateCity()[pri:0, instance:InterView_Asked.SureMindsSolutions@6aeb35e6]" started-at="2024-05-15T17:01:56 IST" name="stateCity" finished-at="2024-05-15T17:01:56 IST" duration-ms="2" status="PASS">
          <reporter-output>
          </reporter-output>
        </test-method> <!-- stateCity -->
      </class> <!-- InterView_Asked.SureMindsSolutions -->
    </test> <!-- Default test -->
  </suite> <!-- Default suite -->
</testng-results>
