<?xml version="1.0" encoding="UTF-8"?>
<testng-results ignored="3" total="4" passed="1" failed="0" skipped="0">
  <reporter-output>
  </reporter-output>
  <suite started-at="2024-05-16T13:14:53 IST" name="Default suite" finished-at="2024-05-16T13:14:53 IST" duration-ms="54">
    <groups>
    </groups>
    <test started-at="2024-05-16T13:14:53 IST" name="Default test" finished-at="2024-05-16T13:14:53 IST" duration-ms="54">
      <class name="o9Screening.Arpan20220816_160621">
        <test-method signature="Fibonacci()[pri:0, instance:o9Screening.Arpan20220816_160621@245b4bdc]" started-at="2024-05-16T13:14:53 IST" name="Fibonacci" finished-at="2024-05-16T13:14:53 IST" duration-ms="9" status="PASS">
          <reporter-output>
          </reporter-output>
        </test-method> <!-- Fibonacci -->
      </class> <!-- o9Screening.Arpan20220816_160621 -->
    </test> <!-- Default test -->
  </suite> <!-- Default suite -->
</testng-results>
