<?xml version="1.0" encoding="UTF-8"?>
<!-- Generated by org.testng.reporters.JUnitReportReporter -->
<testsuite hostname="Trayambkay" failures="0" tests="1" name="SelfPractise_ApiTestscripts.MainRequestSerialise" time="0.337" errors="1" timestamp="2024-06-11T19:34:20 IST" skipped="0">
  <testcase classname="SelfPractise_ApiTestscripts.MainRequestSerialise" name="seriallise" time="0.337">
    <error message="Infinite recursion (StackOverflowError) (through reference chain: com.fasterxml.jackson.databind.ObjectMapper[&quot;factory&quot;]-&gt;com.fasterxml.jackson.databind.MappingJsonFactory[&quot;codec&quot;]-&gt;com.fasterxml.jackson.databind.ObjectMapper[&quot;factory&quot;]-&gt;com.fasterxml.jackson.databind.MappingJsonFactory[&quot;codec&quot;]-&gt;com.fasterxml.jackson.databind.ObjectMapper[&quot;factory&quot;]-&gt;com.fasterxml.jackson.databind.MappingJsonFactory[&quot;codec&quot;]-&gt;com.fasterxml.jackson.databind.ObjectMapper[&quot;factory&quot;]-&gt;com.fasterxml.jackson.databind.MappingJsonFactory[&quot;codec&quot;]-&gt;com.fasterxml.jackson.databind.ObjectMapper[&quot;factory&quot;]-&gt;com.fasterxml.jackson.databind.MappingJsonFactory[&quot;codec&quot;]-&gt;com.fasterxml.jackson.databind.ObjectMapper[&quot;factory&quot;]-&gt;com.fasterxml.jackson.databind.MappingJsonFactory[&quot;codec&quot;]-&gt;com.fasterxml.jackson.databind.ObjectMapper[&quot;factory&quot;]-&gt;com.fasterxml.jackson.databind.MappingJsonFactory[&quot;codec&quot;]-&gt;com.fasterxml.jackson.databind.ObjectMapper[&quot;factory&quot;]-&gt;com.fasterxml.jackson.databind.MappingJsonFactory[&quot;codec&quot;]-&gt;com.fasterxml.jackson.databind.ObjectMapper[&quot;factory&quot;]-&gt;com.fasterxml.jackson.databind.MappingJsonFactory[&quot;codec&quot;]-&gt;com.fasterxml.jackson.databind.ObjectMapper[&quot;factory&quot;]-&gt;com.fasterxml.jackson.databind.MappingJsonFactory[&quot;codec&quot;]-&gt;com.fasterxml.jackson.databind.ObjectMapper[&quot;factory&quot;]-&gt;com.fasterxml.jackson.databind.MappingJsonFactory[&quot;codec&quot;]-&gt;com.fasterxml.jackson.databind.ObjectMapper[&quot;factory&quot;]-&gt;com.fasterxml.jackson.databind.MappingJsonFactory[&quot;codec&quot;]-&gt;com.fasterxml.jackson.databind.ObjectMapper[&quot;factory&quot;]-&gt;com.fasterxml.jackson.databind.MappingJsonFactory[&quot;codec&quot;]-&gt;com.fasterxml.jackson.databind.ObjectMapper[&quot;factory&quot;]-&gt;com.fasterxml.jackson.databind.MappingJsonFactory[&quot;codec&quot;]-&gt;com.fasterxml.jackson.databind.ObjectMapper[&quot;factory&quot;]-&gt;com.fasterxml.jackson.databind.MappingJsonFactory[&quot;codec&quot;]-&gt;com.fasterxml.jackson.databind.ObjectMapper[&quot;factory&quot;]-&gt;com.fasterxml.jackson.databind.MappingJsonFactory[&quot;codec&quot;]-&gt;com.fasterxml.jackson.databind.ObjectMapper[&quot;factory&quot;]-&gt;com.fasterxml.jackson.databind.MappingJsonFactory[&quot;codec&quot;]-&gt;com.fasterxml.jackson.databind.ObjectMapper[&quot;factory&quot;]-&gt;com.fasterxml.jackson.databind.MappingJsonFactory[&quot;codec&quot;]-&gt;com.fasterxml.jackson.databind.ObjectMapper[&quot;factory&quot;]-&gt;com.fasterxml.jackson.databind.MappingJsonFactory[&quot;codec&quot;]-&gt;com.fasterxml.jackson.databind.ObjectMapper[&quot;factory&quot;]-&gt;com.fasterxml.jackson.databind.MappingJsonFactory[&quot;codec&quot;]-&gt;com.fasterxml.jackson.databind.ObjectMapper[&quot;factory&quot;]-&gt;com.fasterxml.jackson.databind.MappingJsonFactory[&quot;codec&quot;]-&gt;com.fasterxml.jackson.databind.ObjectMapper[&quot;factory&quot;]-&gt;com.fasterxml.jackson.databind.MappingJsonFactory[&quot;codec&quot;]-&gt;com.fasterxml.jackson.databind.ObjectMapper[&quot;factory&quot;]-&gt;com.fasterxml.jackson.databind.MappingJsonFactory[&quot;codec&quot;]-&gt;com.fasterxml.jackson.databind.ObjectMapper[&quot;factory&quot;]-&gt;com.fasterxml.jackson.databind.MappingJsonFactory[&quot;codec&quot;]-&gt;com.fasterxml.jackson.databind.ObjectMapper[&quot;factory&quot;]-&gt;com.fasterxml.jackson.databind.MappingJsonFactory[&quot;codec&quot;]-&gt;com.fasterxml.jackson.databind.ObjectMapper[&quot;factory&quot;]-&gt;com.fasterxml.jackson.databind.MappingJsonFactory[&quot;codec&quot;]-&gt;com.fasterxml.jackson.databind.ObjectMapper[&quot;factory&quot;]-&gt;com.fasterxml.jackson.databind.MappingJsonFactory[&quot;codec&quot;]-&gt;com.fasterxml.jackson.databind.ObjectMapper[&quot;factory&quot;]-&gt;com.fasterxml.jackson.databind.MappingJsonFactory[&quot;codec&quot;]-&gt;com.fasterxml.jackson.databind.ObjectMapper[&quot;factory&quot;]-&gt;com.fasterxml.jackson.databind.MappingJsonFactory[&quot;codec&quot;]-&gt;com.fasterxml.jackson.databind.ObjectMapper[&quot;factory&quot;]-&gt;com.fasterxml.jackson.databind.MappingJsonFactory[&quot;codec&quot;]-&gt;com.fasterxml.jackson.databind.ObjectMapper[&quot;factory&quot;]-&gt;com.fasterxml.jackson.databind.MappingJsonFactory[&quot;codec&quot;]-&gt;com.fasterxml.jackson.databind.ObjectMapper[&quot;factory&quot;]-&gt;com.fasterxml.jackson.databind.MappingJsonFactory[&quot;codec&quot;]-&gt;com.fasterxml.jackson.databind.ObjectMapper[&quot;factory&quot;]-&gt;com.fasterxml.jackson.databind.MappingJsonFactory[&quot;codec&quot;]-&gt;com.fasterxml.jackson.databind.ObjectMapper[&quot;factory&quot;]-&gt;com.fasterxml.jackson.databind.MappingJsonFactory[&quot;codec&quot;]-&gt;com.fasterxml.jackson.databind.ObjectMapper[&quot;factory&quot;]-&gt;com.fasterxml.jackson.databind.MappingJsonFactory[&quot;codec&quot;]-&gt;com.fasterxml.jackson.databind.ObjectMapper[&quot;factory&quot;]-&gt;com.fasterxml.jackson.databind.MappingJsonFactory[&quot;codec&quot;]-&gt;com.fasterxml.jackson.databind.ObjectMapper[&quot;factory&quot;]-&gt;com.fasterxml.jackson.databind.MappingJsonFactory[&quot;codec&quot;]-&gt;com.fasterxml.jackson.databind.ObjectMapper[&quot;factory&quot;]-&gt;com.fasterxml.jackson.databind.MappingJsonFactory[&quot;codec&quot;]-&gt;com.fasterxml.jackson.databind.ObjectMapper[&quot;factory&quot;]-&gt;com.fasterxml.jackson.databind.MappingJsonFactory[&quot;codec&quot;]-&gt;com.fasterxml.jackson.databind.ObjectMapper[&quot;factory&quot;]-&gt;com.fasterxml.jackson.databind.MappingJsonFactory[&quot;codec&quot;]-&gt;com.fasterxml.jackson.databind.ObjectMapper[&quot;factory&quot;]-&gt;com.fasterxml.jackson.databind.MappingJsonFactory[&quot;codec&quot;]-&gt;com.fasterxml.jackson.databind.ObjectMapper[&quot;factory&quot;]-&gt;com.fasterxml.jackson.databind.MappingJsonFactory[&quot;codec&quot;]-&gt;com.fasterxml.jackson.databind.ObjectMapper[&quot;factory&quot;]-&gt;com.fasterxml.jackson.databind.MappingJsonFactory[&quot;codec&quot;]-&gt;com.fasterxml.jackson.databind.ObjectMapper[&quot;factory&quot;]-&gt;com.fasterxml.jackson.databind.MappingJsonFactory[&quot;codec&quot;]-&gt;com.fasterxml.jackson.databind.ObjectMapper[&quot;factory&quot;]-&gt;com.fasterxml.jackson.databind.MappingJsonFactory[&quot;codec&quot;]-&gt;com.fasterxml.jackson.databind.ObjectMapper[&quot;factory&quot;]-&gt;com.fasterxml.jackson.databind.MappingJsonFactory[&quot;codec&quot;]-&gt;com.fasterxml.jackson.databind.ObjectMapper[&quot;factory&quot;]-&gt;com.fasterxml.jackson.databind.MappingJsonFactory[&quot;codec&quot;]-&gt;com.fasterxml.jackson.databind.ObjectMapper[&quot;factory&quot;]-&gt;com.fasterxml.jackson.databind.MappingJsonFactory[&quot;codec&quot;]-&gt;com.fasterxml.jackson.databind.ObjectMapper[&quot;factory&quot;]-&gt;com.fasterxml.jackson.databind.MappingJsonFactory[&quot;codec&quot;]-&gt;com.fasterxml.jackson.databind.ObjectMapper[&quot;factory&quot;]-&gt;com.fasterxml.jackson.databind.MappingJsonFactory[&quot;codec&quot;]-&gt;com.fasterxml.jackson.databind.ObjectMapper[&quot;factory&quot;]-&gt;com.fasterxml.jackson.databind.MappingJsonFactory[&quot;codec&quot;]-&gt;com.fasterxml.jackson.databind.ObjectMapper[&quot;factory&quot;]-&gt;com.fasterxml.jackson.databind.MappingJsonFactory[&quot;codec&quot;]-&gt;com.fasterxml.jackson.databind.ObjectMapper[&quot;factory&quot;]-&gt;com.fasterxml.jackson.databind.MappingJsonFactory[&quot;codec&quot;]-&gt;com.fasterxml.jackson.databind.ObjectMapper[&quot;factory&quot;]-&gt;com.fasterxml.jackson.databind.MappingJsonFactory[&quot;codec&quot;]-&gt;com.fasterxml.jackson.databind.ObjectMapper[&quot;factory&quot;]-&gt;com.fasterxml.jackson.databind.MappingJsonFactory[&quot;codec&quot;]-&gt;com.fasterxml.jackson.databind.ObjectMapper[&quot;factory&quot;]-&gt;com.fasterxml.jackson.databind.MappingJsonFactory[&quot;codec&quot;]-&gt;com.fasterxml.jackson.databind.ObjectMapper[&quot;factory&quot;]-&gt;com.fasterxml.jackson.databind.MappingJsonFactory[&quot;codec&quot;]-&gt;com.fasterxml.jackson.databind.ObjectMapper[&quot;factory&quot;]-&gt;com.fasterxml.jackson.databind.MappingJsonFactory[&quot;codec&quot;]-&gt;com.fasterxml.jackson.databind.ObjectMapper[&quot;factory&quot;]-&gt;com.fasterxml.jackson.databind.MappingJsonFactory[&quot;codec&quot;]-&gt;com.fasterxml.jackson.databind.ObjectMapper[&quot;factory&quot;]-&gt;com.fasterxml.jackson.databind.MappingJsonFactory[&quot;codec&quot;]-&gt;com.fasterxml.jackson.databind.ObjectMapper[&quot;factory&quot;]-&gt;com.fasterxml.jackson.databind.MappingJsonFactory[&quot;codec&quot;]-&gt;com.fasterxml.jackson.databind.ObjectMapper[&quot;factory&quot;]-&gt;com.fasterxml.jackson.databind.MappingJsonFactory[&quot;codec&quot;]-&gt;com.fasterxml.jackson.databind.ObjectMapper[&quot;factory&quot;]-&gt;com.fasterxml.jackson.databind.MappingJsonFactory[&quot;codec&quot;]-&gt;com.fasterxml.jackson.databind.ObjectMapper[&quot;factory&quot;]-&gt;com.fasterxml.jackson.databind.MappingJsonFactory[&quot;codec&quot;]-&gt;com.fasterxml.jackson.databind.ObjectMapper[&quot;factory&quot;]-&gt;com.fasterxml.jackson.databind.MappingJsonFactory[&quot;codec&quot;]-&gt;com.fasterxml.jackson.databind.ObjectMapper[&quot;factory&quot;]-&gt;com.fasterxml.jackson.databind.MappingJsonFactory[&quot;codec&quot;]-&gt;com.fasterxml.jackson.databind.ObjectMapper[&quot;factory&quot;]-&gt;com.fasterxml.jackson.databind.MappingJsonFactory[&quot;codec&quot;]-&gt;com.fasterxml.jackson.databind.ObjectMapper[&quot;factory&quot;]-&gt;com.fasterxml.jackson.databind.MappingJsonFactory[&quot;codec&quot;]-&gt;com.fasterxml.jackson.databind.ObjectMapper[&quot;factory&quot;]-&gt;com.fasterxml.jackson.databind.MappingJsonFactory[&quot;codec&quot;]-&gt;com.fasterxml.jackson.databind.ObjectMapper[&quot;factory&quot;]-&gt;com.fasterxml.jackson.databind.MappingJsonFactory[&quot;codec&quot;]-&gt;com.fasterxml.jackson.databind.ObjectMapper[&quot;factory&quot;]-&gt;com.fasterxml.jackson.databind.MappingJsonFactory[&quot;codec&quot;]-&gt;com.fasterxml.jackson.databind.ObjectMapper[&quot;factory&quot;]-&gt;com.fasterxml.jackson.databind.MappingJsonFactory[&quot;codec&quot;]-&gt;com.fasterxml.jackson.databind.ObjectMapper[&quot;factory&quot;]-&gt;com.fasterxml.jackson.databind.MappingJsonFactory[&quot;codec&quot;]-&gt;com.fasterxml.jackson.databind.ObjectMapper[&quot;factory&quot;]-&gt;com.fasterxml.jackson.databind.MappingJsonFactory[&quot;codec&quot;]-&gt;com.fasterxml.jackson.databind.ObjectMapper[&quot;factory&quot;]-&gt;com.fasterxml.jackson.databind.MappingJsonFactory[&quot;codec&quot;]-&gt;com.fasterxml.jackson.databind.ObjectMapper[&quot;factory&quot;]-&gt;com.fasterxml.jackson.databind.MappingJsonFactory[&quot;codec&quot;]-&gt;com.fasterxml.jackson.databind.ObjectMapper[&quot;factory&quot;]-&gt;com.fasterxml.jackson.databind.MappingJsonFactory[&quot;codec&quot;]-&gt;com.fasterxml.jackson.databind.ObjectMapper[&quot;factory&quot;]-&gt;com.fasterxml.jackson.databind.MappingJsonFactory[&quot;codec&quot;]-&gt;com.fasterxml.jackson.databind.ObjectMapper[&quot;factory&quot;]-&gt;com.fasterxml.jackson.databind.MappingJsonFactory[&quot;codec&quot;]-&gt;com.fasterxml.jackson.databind.ObjectMapper[&quot;factory&quot;]-&gt;com.fasterxml.jackson.databind.MappingJsonFactory[&quot;codec&quot;]-&gt;com.fasterxml.jackson.databind.ObjectMapper[&quot;factory&quot;]-&gt;com.fasterxml.jackson.databind.MappingJsonFactory[&quot;codec&quot;]-&gt;com.fasterxml.jackson.databind.ObjectMapper[&quot;factory&quot;]-&gt;com.fasterxml.jackson.databind.MappingJsonFactory[&quot;codec&quot;]-&gt;com.fasterxml.jackson.databind.ObjectMapper[&quot;factory&quot;]-&gt;com.fasterxml.jackson.databind.MappingJsonFactory[&quot;codec&quot;]-&gt;com.fasterxml.jackson.databind.ObjectMapper[&quot;factory&quot;]-&gt;com.fasterxml.jackson.databind.MappingJsonFactory[&quot;codec&quot;]-&gt;com.fasterxml.jackson.databind.ObjectMapper[&quot;factory&quot;]-&gt;com.fasterxml.jackson.databind.MappingJsonFactory[&quot;codec&quot;]-&gt;com.fasterxml.jackson.databind.ObjectMapper[&quot;factory&quot;]-&gt;com.fasterxml.jackson.databind.MappingJsonFactory[&quot;codec&quot;]-&gt;com.fasterxml.jackson.databind.ObjectMapper[&quot;factory&quot;]-&gt;com.fasterxml.jackson.databind.MappingJsonFactory[&quot;codec&quot;]-&gt;com.fasterxml.jackson.databind.ObjectMapper[&quot;factory&quot;]-&gt;com.fasterxml.jackson.databind.MappingJsonFactory[&quot;codec&quot;]-&gt;com.fasterxml.jackson.databind.ObjectMapper[&quot;factory&quot;]-&gt;com.fasterxml.jackson.databind.MappingJsonFactory[&quot;codec&quot;]-&gt;com.fasterxml.jackson.databind.ObjectMapper[&quot;factory&quot;]-&gt;com.fasterxml.jackson.databind.MappingJsonFactory[&quot;codec&quot;]-&gt;com.fasterxml.jackson.databind.ObjectMapper[&quot;factory&quot;]-&gt;com.fasterxml.jackson.databind.MappingJsonFactory[&quot;codec&quot;]-&gt;com.fasterxml.jackson.databind.ObjectMapper[&quot;factory&quot;]-&gt;com.fasterxml.jackson.databind.MappingJsonFactory[&quot;codec&quot;]-&gt;com.fasterxml.jackson.databind.ObjectMapper[&quot;factory&quot;]-&gt;com.fasterxml.jackson.databind.MappingJsonFactory[&quot;codec&quot;]-&gt;com.fasterxml.jackson.databind.ObjectMapper[&quot;factory&quot;]-&gt;com.fasterxml.jackson.databind.MappingJsonFactory[&quot;codec&quot;]-&gt;com.fasterxml.jackson.databind.ObjectMapper[&quot;factory&quot;]-&gt;com.fasterxml.jackson.databind.MappingJsonFactory[&quot;codec&quot;]-&gt;com.fasterxml.jackson.databind.ObjectMapper[&quot;factory&quot;]-&gt;com.fasterxml.jackson.databind.MappingJsonFactory[&quot;codec&quot;]-&gt;com.fasterxml.jackson.databind.ObjectMapper[&quot;factory&quot;]-&gt;com.fasterxml.jackson.databind.MappingJsonFactory[&quot;codec&quot;]-&gt;com.fasterxml.jackson.databind.ObjectMapper[&quot;factory&quot;]-&gt;com.fasterxml.jackson.databind.MappingJsonFactory[&quot;codec&quot;]-&gt;com.fasterxml.jackson.databind.ObjectMapper[&quot;factory&quot;]-&gt;com.fasterxml.jackson.databind.MappingJsonFactory[&quot;codec&quot;]-&gt;com.fasterxml.jackson.databind.ObjectMapper[&quot;factory&quot;]-&gt;com.fasterxml.jackson.databind.MappingJsonFactory[&quot;codec&quot;]-&gt;com.fasterxml.jackson.databind.ObjectMapper[&quot;factory&quot;]-&gt;com.fasterxml.jackson.databind.MappingJsonFactory[&quot;codec&quot;]-&gt;com.fasterxml.jackson.databind.ObjectMapper[&quot;factory&quot;]-&gt;com.fasterxml.jackson.databind.MappingJsonFactory[&quot;codec&quot;]-&gt;com.fasterxml.jackson.databind.ObjectMapper[&quot;factory&quot;]-&gt;com.fasterxml.jackson.databind.MappingJsonFactory[&quot;codec&quot;]-&gt;com.fasterxml.jackson.databind.ObjectMapper[&quot;factory&quot;]-&gt;com.fasterxml.jackson.databind.MappingJsonFactory[&quot;codec&quot;]-&gt;com.fasterxml.jackson.databind.ObjectMapper[&quot;factory&quot;]-&gt;com.fasterxml.jackson.databind.MappingJsonFactory[&quot;codec&quot;]-&gt;com.fasterxml.jackson.databind.ObjectMapper[&quot;factory&quot;]-&gt;com.fasterxml.jackson.databind.MappingJsonFactory[&quot;codec&quot;]-&gt;com.fasterxml.jackson.databind.ObjectMapper[&quot;factory&quot;]-&gt;com.fasterxml.jackson.databind.MappingJsonFactory[&quot;codec&quot;]-&gt;com.fasterxml.jackson.databind.ObjectMapper[&quot;factory&quot;]-&gt;com.fasterxml.jackson.databind.MappingJsonFactory[&quot;codec&quot;]-&gt;com.fasterxml.jackson.databind.ObjectMapper[&quot;factory&quot;]-&gt;com.fasterxml.jackson.databind.MappingJsonFactory[&quot;codec&quot;]-&gt;com.fasterxml.jackson.databind.ObjectMapper[&quot;factory&quot;]-&gt;com.fasterxml.jackson.databind.MappingJsonFactory[&quot;codec&quot;]-&gt;com.fasterxml.jackson.databind.ObjectMapper[&quot;factory&quot;]-&gt;com.fasterxml.jackson.databind.MappingJsonFactory[&quot;codec&quot;]-&gt;com.fasterxml.jackson.databind.ObjectMapper[&quot;factory&quot;]-&gt;com.fasterxml.jackson.databind.MappingJsonFactory[&quot;codec&quot;]-&gt;com.fasterxml.jackson.databind.ObjectMapper[&quot;factory&quot;]-&gt;com.fasterxml.jackson.databind.MappingJsonFactory[&quot;codec&quot;]-&gt;com.fasterxml.jackson.databind.ObjectMapper[&quot;factory&quot;]-&gt;com.fasterxml.jackson.databind.MappingJsonFactory[&quot;codec&quot;]-&gt;com.fasterxml.jackson.databind.ObjectMapper[&quot;factory&quot;]-&gt;com.fasterxml.jackson.databind.MappingJsonFactory[&quot;codec&quot;]-&gt;com.fasterxml.jackson.databind.ObjectMapper[&quot;factory&quot;]-&gt;com.fasterxml.jackson.databind.MappingJsonFactory[&quot;codec&quot;]-&gt;com.fasterxml.jackson.databind.ObjectMapper[&quot;factory&quot;]-&gt;com.fasterxml.jackson.databind.MappingJsonFactory[&quot;codec&quot;]-&gt;com.fasterxml.jackson.databind.ObjectMapper[&quot;factory&quot;]-&gt;com.fasterxml.jackson.databind.MappingJsonFactory[&quot;codec&quot;]-&gt;com.fasterxml.jackson.databind.ObjectMapper[&quot;factory&quot;]-&gt;com.fasterxml.jackson.databind.MappingJsonFactory[&quot;codec&quot;]-&gt;com.fasterxml.jackson.databind.ObjectMapper[&quot;factory&quot;]-&gt;com.fasterxml.jackson.databind.MappingJsonFactory[&quot;codec&quot;]-&gt;com.fasterxml.jackson.databind.ObjectMapper[&quot;factory&quot;]-&gt;com.fasterxml.jackson.databind.MappingJsonFactory[&quot;codec&quot;]-&gt;com.fasterxml.jackson.databind.ObjectMapper[&quot;factory&quot;]-&gt;com.fasterxml.jackson.databind.MappingJsonFactory[&quot;codec&quot;]-&gt;com.fasterxml.jackson.databind.ObjectMapper[&quot;factory&quot;]-&gt;com.fasterxml.jackson.databind.MappingJsonFactory[&quot;codec&quot;]-&gt;com.fasterxml.jackson.databind.ObjectMapper[&quot;factory&quot;]-&gt;com.fasterxml.jackson.databind.MappingJsonFactory[&quot;codec&quot;]-&gt;com.fasterxml.jackson.databind.ObjectMapper[&quot;factory&quot;]-&gt;com.fasterxml.jackson.databind.MappingJsonFactory[&quot;codec&quot;]-&gt;com.fasterxml.jackson.databind.ObjectMapper[&quot;factory&quot;]-&gt;com.fasterxml.jackson.databind.MappingJsonFactory[&quot;codec&quot;]-&gt;com.fasterxml.jackson.databind.ObjectMapper[&quot;factory&quot;]-&gt;com.fasterxml.jackson.databind.MappingJsonFactory[&quot;codec&quot;]-&gt;com.fasterxml.jackson.databind.ObjectMapper[&quot;factory&quot;]-&gt;com.fasterxml.jackson.databind.MappingJsonFactory[&quot;codec&quot;]-&gt;com.fasterxml.jackson.databind.ObjectMapper[&quot;factory&quot;]-&gt;com.fasterxml.jackson.databind.MappingJsonFactory[&quot;codec&quot;]-&gt;com.fasterxml.jackson.databind.ObjectMapper[&quot;factory&quot;]-&gt;com.fasterxml.jackson.databind.MappingJsonFactory[&quot;codec&quot;]-&gt;com.fasterxml.jackson.databind.ObjectMapper[&quot;factory&quot;]-&gt;com.fasterxml.jackson.databind.MappingJsonFactory[&quot;codec&quot;]-&gt;com.fasterxml.jackson.databind.ObjectMapper[&quot;factory&quot;]-&gt;com.fasterxml.jackson.databind.MappingJsonFactory[&quot;codec&quot;]-&gt;com.fasterxml.jackson.databind.ObjectMapper[&quot;factory&quot;]-&gt;com.fasterxml.jackson.databind.MappingJsonFactory[&quot;codec&quot;]-&gt;com.fasterxml.jackson.databind.ObjectMapper[&quot;factory&quot;]-&gt;com.fasterxml.jackson.databind.MappingJsonFactory[&quot;codec&quot;]-&gt;com.fasterxml.jackson.databind.ObjectMapper[&quot;factory&quot;]-&gt;com.fasterxml.jackson.databind.MappingJsonFactory[&quot;codec&quot;]-&gt;com.fasterxml.jackson.databind.ObjectMapper[&quot;factory&quot;]-&gt;com.fasterxml.jackson.databind.MappingJsonFactory[&quot;codec&quot;]-&gt;com.fasterxml.jackson.databind.ObjectMapper[&quot;factory&quot;]-&gt;com.fasterxml.jackson.databind.MappingJsonFactory[&quot;codec&quot;]-&gt;com.fasterxml.jackson.databind.ObjectMapper[&quot;factory&quot;]-&gt;com.fasterxml.jackson.databind.MappingJsonFactory[&quot;codec&quot;]-&gt;com.fasterxml.jackson.databind.ObjectMapper[&quot;factory&quot;]-&gt;com.fasterxml.jackson.databind.MappingJsonFactory[&quot;codec&quot;]-&gt;com.fasterxml.jackson.databind.ObjectMapper[&quot;factory&quot;]-&gt;com.fasterxml.jackson.databind.MappingJsonFactory[&quot;codec&quot;]-&gt;com.fasterxml.jackson.databind.ObjectMapper[&quot;factory&quot;]-&gt;com.fasterxml.jackson.databind.MappingJsonFactory[&quot;codec&quot;]-&gt;com.fasterxml.jackson.databind.ObjectMapper[&quot;factory&quot;]-&gt;com.fasterxml.jackson.databind.MappingJsonFactory[&quot;codec&quot;]-&gt;com.fasterxml.jackson.databind.ObjectMapper[&quot;factory&quot;]-&gt;com.fasterxml.jackson.databind.MappingJsonFactory[&quot;codec&quot;]-&gt;com.fasterxml.jackson.databind.ObjectMapper[&quot;factory&quot;]-&gt;com.fasterxml.jackson.databind.MappingJsonFactory[&quot;codec&quot;]-&gt;com.fasterxml.jackson.databind.ObjectMapper[&quot;factory&quot;]-&gt;com.fasterxml.jackson.databind.MappingJsonFactory[&quot;codec&quot;]-&gt;com.fasterxml.jackson.databind.ObjectMapper[&quot;factory&quot;]-&gt;com.fasterxml.jackson.databind.MappingJsonFactory[&quot;codec&quot;]-&gt;com.fasterxml.jackson.databind.ObjectMapper[&quot;factory&quot;]-&gt;com.fasterxml.jackson.databind.MappingJsonFactory[&quot;codec&quot;]-&gt;com.fasterxml.jackson.databind.ObjectMapper[&quot;factory&quot;]-&gt;com.fasterxml.jackson.databind.MappingJsonFactory[&quot;codec&quot;]-&gt;com.fasterxml.jackson.databind.ObjectMapper[&quot;factory&quot;]-&gt;com.fasterxml.jackson.databind.MappingJsonFactory[&quot;codec&quot;]-&gt;com.fasterxml.jackson.databind.ObjectMapper[&quot;factory&quot;]-&gt;com.fasterxml.jackson.databind.MappingJsonFactory[&quot;codec&quot;]-&gt;com.fasterxml.jackson.databind.ObjectMapper[&quot;factory&quot;]-&gt;com.fasterxml.jackson.databind.MappingJsonFactory[&quot;codec&quot;]-&gt;com.fasterxml.jackson.databind.ObjectMapper[&quot;factory&quot;]-&gt;com.fasterxml.jackson.databind.MappingJsonFactory[&quot;codec&quot;]-&gt;com.fasterxml.jackson.databind.ObjectMapper[&quot;factory&quot;]-&gt;com.fasterxml.jackson.databind.MappingJsonFactory[&quot;codec&quot;]-&gt;com.fasterxml.jackson.databind.ObjectMapper[&quot;factory&quot;]-&gt;com.fasterxml.jackson.databind.MappingJsonFactory[&quot;codec&quot;]-&gt;com.fasterxml.jackson.databind.ObjectMapper[&quot;factory&quot;]-&gt;com.fasterxml.jackson.databind.MappingJsonFactory[&quot;codec&quot;]-&gt;com.fasterxml.jackson.databind.ObjectMapper[&quot;factory&quot;]-&gt;com.fasterxml.jackson.databind.MappingJsonFactory[&quot;codec&quot;]-&gt;com.fasterxml.jackson.databind.ObjectMapper[&quot;factory&quot;]-&gt;com.fasterxml.jackson.databind.MappingJsonFactory[&quot;codec&quot;]-&gt;com.fasterxml.jackson.databind.ObjectMapper[&quot;factory&quot;]-&gt;com.fasterxml.jackson.databind.MappingJsonFactory[&quot;codec&quot;]-&gt;com.fasterxml.jackson.databind.ObjectMapper[&quot;factory&quot;]-&gt;com.fasterxml.jackson.databind.MappingJsonFactory[&quot;codec&quot;]-&gt;com.fasterxml.jackson.databind.ObjectMapper[&quot;factory&quot;]-&gt;com.fasterxml.jackson.databind.MappingJsonFactory[&quot;codec&quot;]-&gt;com.fasterxml.jackson.databind.ObjectMapper[&quot;factory&quot;]-&gt;com.fasterxml.jackson.databind.MappingJsonFactory[&quot;codec&quot;]-&gt;com.fasterxml.jackson.databind.ObjectMapper[&quot;factory&quot;]-&gt;com.fasterxml.jackson.databind.MappingJsonFactory[&quot;codec&quot;]-&gt;com.fasterxml.jackson.databind.ObjectMapper[&quot;factory&quot;]-&gt;com.fasterxml.jackson.databind.MappingJsonFactory[&quot;codec&quot;]-&gt;com.fasterxml.jackson.databind.ObjectMapper[&quot;factory&quot;]-&gt;com.fasterxml.jackson.databind.MappingJsonFactory[&quot;codec&quot;]-&gt;com.fasterxml.jackson.databind.ObjectMapper[&quot;factory&quot;]-&gt;com.fasterxml.jackson.databind.MappingJsonFactory[&quot;codec&quot;]-&gt;com.fasterxml.jackson.databind.ObjectMapper[&quot;factory&quot;]-&gt;com.fasterxml.jackson.databind.MappingJsonFactory[&quot;codec&quot;]-&gt;com.fasterxml.jackson.databind.ObjectMapper[&quot;factory&quot;]-&gt;com.fasterxml.jackson.databind.MappingJsonFactory[&quot;codec&quot;]-&gt;com.fasterxml.jackson.databind.ObjectMapper[&quot;factory&quot;]-&gt;com.fasterxml.jackson.databind.MappingJsonFactory[&quot;codec&quot;]-&gt;com.fasterxml.jackson.databind.ObjectMapper[&quot;factory&quot;]-&gt;com.fasterxml.jackson.databind.MappingJsonFactory[&quot;codec&quot;]-&gt;com.fasterxml.jackson.databind.ObjectMapper[&quot;factory&quot;]-&gt;com.fasterxml.jackson.databind.MappingJsonFactory[&quot;codec&quot;]-&gt;com.fasterxml.jackson.databind.ObjectMapper[&quot;factory&quot;]-&gt;com.fasterxml.jackson.databind.MappingJsonFactory[&quot;codec&quot;]-&gt;com.fasterxml.jackson.databind.ObjectMapper[&quot;factory&quot;]-&gt;com.fasterxml.jackson.databind.MappingJsonFactory[&quot;codec&quot;]-&gt;com.fasterxml.jackson.databind.ObjectMapper[&quot;factory&quot;]-&gt;com.fasterxml.jackson.databind.MappingJsonFactory[&quot;codec&quot;]-&gt;com.fasterxml.jackson.databind.ObjectMapper[&quot;factory&quot;]-&gt;com.fasterxml.jackson.databind.MappingJsonFactory[&quot;codec&quot;]-&gt;com.fasterxml.jackson.databind.ObjectMapper[&quot;factory&quot;]-&gt;com.fasterxml.jackson.databind.MappingJsonFactory[&quot;codec&quot;]-&gt;com.fasterxml.jackson.databind.ObjectMapper[&quot;factory&quot;]-&gt;com.fasterxml.jackson.databind.MappingJsonFactory[&quot;codec&quot;]-&gt;com.fasterxml.jackson.databind.ObjectMapper[&quot;factory&quot;]-&gt;com.fasterxml.jackson.databind.MappingJsonFactory[&quot;codec&quot;]-&gt;com.fasterxml.jackson.databind.ObjectMapper[&quot;factory&quot;]-&gt;com.fasterxml.jackson.databind.MappingJsonFactory[&quot;codec&quot;]-&gt;com.fasterxml.jackson.databind.ObjectMapper[&quot;factory&quot;]-&gt;com.fasterxml.jackson.databind.MappingJsonFactory[&quot;codec&quot;]-&gt;com.fasterxml.jackson.databind.ObjectMapper[&quot;factory&quot;]-&gt;com.fasterxml.jackson.databind.MappingJsonFactory[&quot;codec&quot;]-&gt;com.fasterxml.jackson.databind.ObjectMapper[&quot;factory&quot;]-&gt;com.fasterxml.jackson.databind.MappingJsonFactory[&quot;codec&quot;]-&gt;com.fasterxml.jackson.databind.ObjectMapper[&quot;factory&quot;]-&gt;com.fasterxml.jackson.databind.MappingJsonFactory[&quot;codec&quot;]-&gt;com.fasterxml.jackson.databind.ObjectMapper[&quot;factory&quot;]-&gt;com.fasterxml.jackson.databind.MappingJsonFactory[&quot;codec&quot;]-&gt;com.fasterxml.jackson.databind.ObjectMapper[&quot;factory&quot;]-&gt;com.fasterxml.jackson.databind.MappingJsonFactory[&quot;codec&quot;]-&gt;com.fasterxml.jackson.databind.ObjectMapper[&quot;factory&quot;]-&gt;com.fasterxml.jackson.databind.MappingJsonFactory[&quot;codec&quot;]-&gt;com.fasterxml.jackson.databind.ObjectMapper[&quot;factory&quot;]-&gt;com.fasterxml.jackson.databind.MappingJsonFactory[&quot;codec&quot;]-&gt;com.fasterxml.jackson.databind.ObjectMapper[&quot;factory&quot;]-&gt;com.fasterxml.jackson.databind.MappingJsonFactory[&quot;codec&quot;]-&gt;com.fasterxml.jackson.databind.ObjectMapper[&quot;factory&quot;]-&gt;com.fasterxml.jackson.databind.MappingJsonFactory[&quot;codec&quot;]-&gt;com.fasterxml.jackson.databind.ObjectMapper[&quot;factory&quot;]-&gt;com.fasterxml.jackson.databind.MappingJsonFactory[&quot;codec&quot;]-&gt;com.fasterxml.jackson.databind.ObjectMapper[&quot;factory&quot;]-&gt;com.fasterxml.jackson.databind.MappingJsonFactory[&quot;codec&quot;]-&gt;com.fasterxml.jackson.databind.ObjectMapper[&quot;factory&quot;]-&gt;com.fasterxml.jackson.databind.MappingJsonFactory[&quot;codec&quot;]-&gt;com.fasterxml.jackson.databind.ObjectMapper[&quot;factory&quot;]-&gt;com.fasterxml.jackson.databind.MappingJsonFactory[&quot;codec&quot;]-&gt;com.fasterxml.jackson.databind.ObjectMapper[&quot;factory&quot;]-&gt;com.fasterxml.jackson.databind.MappingJsonFactory[&quot;codec&quot;]-&gt;com.fasterxml.jackson.databind.ObjectMapper[&quot;factory&quot;]-&gt;com.fasterxml.jackson.databind.MappingJsonFactory[&quot;codec&quot;]-&gt;com.fasterxml.jackson.databind.ObjectMapper[&quot;factory&quot;]-&gt;com.fasterxml.jackson.databind.MappingJsonFactory[&quot;codec&quot;]-&gt;com.fasterxml.jackson.databind.ObjectMapper[&quot;factory&quot;]-&gt;com.fasterxml.jackson.databind.MappingJsonFactory[&quot;codec&quot;]-&gt;com.fasterxml.jackson.databind.ObjectMapper[&quot;factory&quot;]-&gt;com.fasterxml.jackson.databind.MappingJsonFactory[&quot;codec&quot;]-&gt;com.fasterxml.jackson.databind.ObjectMapper[&quot;factory&quot;]-&gt;com.fasterxml.jackson.databind.MappingJsonFactory[&quot;codec&quot;]-&gt;com.fasterxml.jackson.databind.ObjectMapper[&quot;factory&quot;]-&gt;com.fasterxml.jackson.databind.MappingJsonFactory[&quot;codec&quot;]-&gt;com.fasterxml.jackson.databind.ObjectMapper[&quot;factory&quot;]-&gt;com.fasterxml.jackson.databind.MappingJsonFactory[&quot;codec&quot;]-&gt;com.fasterxml.jackson.databind.ObjectMapper[&quot;factory&quot;]-&gt;com.fasterxml.jackson.databind.MappingJsonFactory[&quot;codec&quot;]-&gt;com.fasterxml.jackson.databind.ObjectMapper[&quot;factory&quot;]-&gt;com.fasterxml.jackson.databind.MappingJsonFactory[&quot;codec&quot;]-&gt;com.fasterxml.jackson.databind.ObjectMapper[&quot;factory&quot;]-&gt;com.fasterxml.jackson.databind.MappingJsonFactory[&quot;codec&quot;]-&gt;com.fasterxml.jackson.databind.ObjectMapper[&quot;factory&quot;]-&gt;com.fasterxml.jackson.databind.MappingJsonFactory[&quot;codec&quot;]-&gt;com.fasterxml.jackson.databind.ObjectMapper[&quot;factory&quot;]-&gt;com.fasterxml.jackson.databind.MappingJsonFactory[&quot;codec&quot;]-&gt;com.fasterxml.jackson.databind.ObjectMapper[&quot;factory&quot;]-&gt;com.fasterxml.jackson.databind.MappingJsonFactory[&quot;codec&quot;]-&gt;com.fasterxml.jackson.databind.ObjectMapper[&quot;factory&quot;]-&gt;com.fasterxml.jackson.databind.MappingJsonFactory[&quot;codec&quot;]-&gt;com.fasterxml.jackson.databind.ObjectMapper[&quot;factory&quot;]-&gt;com.fasterxml.jackson.databind.MappingJsonFactory[&quot;codec&quot;]-&gt;com.fasterxml.jackson.databind.ObjectMapper[&quot;factory&quot;]-&gt;com.fasterxml.jackson.databind.MappingJsonFactory[&quot;codec&quot;]-&gt;com.fasterxml.jackson.databind.ObjectMapper[&quot;factory&quot;]-&gt;com.fasterxml.jackson.databind.MappingJsonFactory[&quot;codec&quot;]-&gt;com.fasterxml.jackson.databind.ObjectMapper[&quot;factory&quot;]-&gt;com.fasterxml.jackson.databind.MappingJsonFactory[&quot;codec&quot;]-&gt;com.fasterxml.jackson.databind.ObjectMapper[&quot;factory&quot;]-&gt;com.fasterxml.jackson.databind.MappingJsonFactory[&quot;codec&quot;]-&gt;com.fasterxml.jackson.databind.ObjectMapper[&quot;factory&quot;]-&gt;com.fasterxml.jackson.databind.MappingJsonFactory[&quot;codec&quot;]-&gt;com.fasterxml.jackson.databind.ObjectMapper[&quot;factory&quot;]-&gt;com.fasterxml.jackson.databind.MappingJsonFactory[&quot;codec&quot;]-&gt;com.fasterxml.jackson.databind.ObjectMapper[&quot;factory&quot;]-&gt;com.fasterxml.jackson.databind.MappingJsonFactory[&quot;codec&quot;]-&gt;com.fasterxml.jackson.databind.ObjectMapper[&quot;factory&quot;]-&gt;com.fasterxml.jackson.databind.MappingJsonFactory[&quot;codec&quot;]-&gt;com.fasterxml.jackson.databind.ObjectMapper[&quot;factory&quot;]-&gt;com.fasterxml.jackson.databind.MappingJsonFactory[&quot;codec&quot;]-&gt;com.fasterxml.jackson.databind.ObjectMapper[&quot;factory&quot;]-&gt;com.fasterxml.jackson.databind.MappingJsonFactory[&quot;codec&quot;]-&gt;com.fasterxml.jackson.databind.ObjectMapper[&quot;factory&quot;]-&gt;com.fasterxml.jackson.databind.MappingJsonFactory[&quot;codec&quot;]-&gt;com.fasterxml.jackson.databind.ObjectMapper[&quot;factory&quot;]-&gt;com.fasterxml.jackson.databind.MappingJsonFactory[&quot;codec&quot;]-&gt;com.fasterxml.jackson.databind.ObjectMapper[&quot;factory&quot;]-&gt;com.fasterxml.jackson.databind.MappingJsonFactory[&quot;codec&quot;]-&gt;com.fasterxml.jackson.databind.ObjectMapper[&quot;factory&quot;]-&gt;com.fasterxml.jackson.databind.MappingJsonFactory[&quot;codec&quot;]-&gt;com.fasterxml.jackson.databind.ObjectMapper[&quot;factory&quot;]-&gt;com.fasterxml.jackson.databind.MappingJsonFactory[&quot;codec&quot;]-&gt;com.fasterxml.jackson.databind.ObjectMapper[&quot;factory&quot;]-&gt;com.fasterxml.jackson.databind.MappingJsonFactory[&quot;codec&quot;]-&gt;com.fasterxml.jackson.databind.ObjectMapper[&quot;factory&quot;]-&gt;com.fasterxml.jackson.databind.MappingJsonFactory[&quot;codec&quot;]-&gt;com.fasterxml.jackson.databind.ObjectMapper[&quot;factory&quot;]-&gt;com.fasterxml.jackson.databind.MappingJsonFactory[&quot;codec&quot;]-&gt;com.fasterxml.jackson.databind.ObjectMapper[&quot;factory&quot;]-&gt;com.fasterxml.jackson.databind.MappingJsonFactory[&quot;codec&quot;]-&gt;com.fasterxml.jackson.databind.ObjectMapper[&quot;factory&quot;]-&gt;com.fasterxml.jackson.databind.MappingJsonFactory[&quot;codec&quot;]-&gt;com.fasterxml.jackson.databind.ObjectMapper[&quot;factory&quot;]-&gt;com.fasterxml.jackson.databind.MappingJsonFactory[&quot;codec&quot;]-&gt;com.fasterxml.jackson.databind.ObjectMapper[&quot;factory&quot;]-&gt;com.fasterxml.jackson.databind.MappingJsonFactory[&quot;codec&quot;]-&gt;com.fasterxml.jackson.databind.ObjectMapper[&quot;factory&quot;]-&gt;com.fasterxml.jackson.databind.MappingJsonFactory[&quot;codec&quot;]-&gt;com.fasterxml.jackson.databind.ObjectMapper[&quot;factory&quot;]-&gt;com.fasterxml.jackson.databind.MappingJsonFactory[&quot;codec&quot;]-&gt;com.fasterxml.jackson.databind.ObjectMapper[&quot;factory&quot;]-&gt;com.fasterxml.jackson.databind.MappingJsonFactory[&quot;codec&quot;]-&gt;com.fasterxml.jackson.databind.ObjectMapper[&quot;factory&quot;]-&gt;com.fasterxml.jackson.databind.MappingJsonFactory[&quot;codec&quot;]-&gt;com.fasterxml.jackson.databind.ObjectMapper[&quot;factory&quot;]-&gt;com.fasterxml.jackson.databind.MappingJsonFactory[&quot;codec&quot;]-&gt;com.fasterxml.jackson.databind.ObjectMapper[&quot;factory&quot;]-&gt;com.fasterxml.jackson.databind.MappingJsonFactory[&quot;codec&quot;]-&gt;com.fasterxml.jackson.databind.ObjectMapper[&quot;factory&quot;]-&gt;com.fasterxml.jackson.databind.MappingJsonFactory[&quot;codec&quot;]-&gt;com.fasterxml.jackson.databind.ObjectMapper[&quot;factory&quot;]-&gt;com.fasterxml.jackson.databind.MappingJsonFactory[&quot;codec&quot;]-&gt;com.fasterxml.jackson.databind.ObjectMapper[&quot;factory&quot;]-&gt;com.fasterxml.jackson.databind.MappingJsonFactory[&quot;codec&quot;]-&gt;com.fasterxml.jackson.databind.ObjectMapper[&quot;factory&quot;]-&gt;com.fasterxml.jackson.databind.MappingJsonFactory[&quot;codec&quot;]-&gt;com.fasterxml.jackson.databind.ObjectMapper[&quot;factory&quot;]-&gt;com.fasterxml.jackson.databind.MappingJsonFactory[&quot;codec&quot;]-&gt;com.fasterxml.jackson.databind.ObjectMapper[&quot;factory&quot;]-&gt;com.fasterxml.jackson.databind.MappingJsonFactory[&quot;codec&quot;]-&gt;com.fasterxml.jackson.databind.ObjectMapper[&quot;factory&quot;]-&gt;com.fasterxml.jackson.databind.MappingJsonFactory[&quot;codec&quot;]-&gt;com.fasterxml.jackson.databind.ObjectMapper[&quot;factory&quot;]-&gt;com.fasterxml.jackson.databind.MappingJsonFactory[&quot;codec&quot;]-&gt;com.fasterxml.jackson.databind.ObjectMapper[&quot;factory&quot;]-&gt;com.fasterxml.jackson.databind.MappingJsonFactory[&quot;codec&quot;]-&gt;com.fasterxml.jackson.databind.ObjectMapper[&quot;factory&quot;]-&gt;com.fasterxml.jackson.databind.MappingJsonFactory[&quot;codec&quot;]-&gt;com.fasterxml.jackson.databind.ObjectMapper[&quot;factory&quot;]-&gt;com.fasterxml.jackson.databind.MappingJsonFactory[&quot;codec&quot;]-&gt;com.fasterxml.jackson.databind.ObjectMapper[&quot;factory&quot;]-&gt;com.fasterxml.jackson.databind.MappingJsonFactory[&quot;codec&quot;]-&gt;com.fasterxml.jackson.databind.ObjectMapper[&quot;factory&quot;]-&gt;com.fasterxml.jackson.databind.MappingJsonFactory[&quot;codec&quot;]-&gt;com.fasterxml.jackson.databind.ObjectMapper[&quot;factory&quot;]-&gt;com.fasterxml.jackson.databind.MappingJsonFactory[&quot;codec&quot;]-&gt;com.fasterxml.jackson.databind.ObjectMapper[&quot;factory&quot;]-&gt;com.fasterxml.jackson.databind.MappingJsonFactory[&quot;codec&quot;]-&gt;com.fasterxml.jackson.databind.ObjectMapper[&quot;factory&quot;]-&gt;com.fasterxml.jackson.databind.MappingJsonFactory[&quot;codec&quot;]-&gt;com.fasterxml.jackson.databind.ObjectMapper[&quot;factory&quot;]-&gt;com.fasterxml.jackson.databind.MappingJsonFactory[&quot;codec&quot;]-&gt;com.fasterxml.jackson.databind.ObjectMapper[&quot;factory&quot;]-&gt;com.fasterxml.jackson.databind.MappingJsonFactory[&quot;codec&quot;]-&gt;com.fasterxml.jackson.databind.ObjectMapper[&quot;factory&quot;]-&gt;com.fasterxml.jackson.databind.MappingJsonFactory[&quot;codec&quot;]-&gt;com.fasterxml.jackson.databind.ObjectMapper[&quot;factory&quot;]-&gt;com.fasterxml.jackson.databind.MappingJsonFactory[&quot;codec&quot;]-&gt;com.fasterxml.jackson.databind.ObjectMapper[&quot;factory&quot;]-&gt;com.fasterxml.jackson.databind.MappingJsonFactory[&quot;codec&quot;]-&gt;com.fasterxml.jackson.databind.ObjectMapper[&quot;factory&quot;]-&gt;com.fasterxml.jackson.databind.MappingJsonFactory[&quot;codec&quot;]-&gt;com.fasterxml.jackson.databind.ObjectMapper[&quot;factory&quot;]-&gt;com.fasterxml.jackson.databind.MappingJsonFactory[&quot;codec&quot;]-&gt;com.fasterxml.jackson.databind.ObjectMapper[&quot;factory&quot;]-&gt;com.fasterxml.jackson.databind.MappingJsonFactory[&quot;codec&quot;]-&gt;com.fasterxml.jackson.databind.ObjectMapper[&quot;factory&quot;]-&gt;com.fasterxml.jackson.databind.MappingJsonFactory[&quot;codec&quot;]-&gt;com.fasterxml.jackson.databind.ObjectMapper[&quot;factory&quot;]-&gt;com.fasterxml.jackson.databind.MappingJsonFactory[&quot;codec&quot;]-&gt;com.fasterxml.jackson.databind.ObjectMapper[&quot;factory&quot;]-&gt;com.fasterxml.jackson.databind.MappingJsonFactory[&quot;codec&quot;]-&gt;com.fasterxml.jackson.databind.ObjectMapper[&quot;factory&quot;]-&gt;com.fasterxml.jackson.databind.MappingJsonFactory[&quot;codec&quot;]-&gt;com.fasterxml.jackson.databind.ObjectMapper[&quot;factory&quot;]-&gt;com.fasterxml.jackson.databind.MappingJsonFactory[&quot;codec&quot;]-&gt;com.fasterxml.jackson.databind.ObjectMapper[&quot;factory&quot;]-&gt;com.fasterxml.jackson.databind.MappingJsonFactory[&quot;codec&quot;]-&gt;com.fasterxml.jackson.databind.ObjectMapper[&quot;factory&quot;]-&gt;com.fasterxml.jackson.databind.MappingJsonFactory[&quot;codec&quot;]-&gt;com.fasterxml.jackson.databind.ObjectMapper[&quot;factory&quot;]-&gt;com.fasterxml.jackson.databind.MappingJsonFactory[&quot;codec&quot;]-&gt;com.fasterxml.jackson.databind.ObjectMapper[&quot;factory&quot;]-&gt;com.fasterxml.jackson.databind.MappingJsonFactory[&quot;codec&quot;]-&gt;com.fasterxml.jackson.databind.ObjectMapper[&quot;factory&quot;]-&gt;com.fasterxml.jackson.databind.MappingJsonFactory[&quot;codec&quot;]-&gt;com.fasterxml.jackson.databind.ObjectMapper[&quot;factory&quot;]-&gt;com.fasterxml.jackson.databind.MappingJsonFactory[&quot;codec&quot;]-&gt;com.fasterxml.jackson.databind.ObjectMapper[&quot;factory&quot;]-&gt;com.fasterxml.jackson.databind.MappingJsonFactory[&quot;codec&quot;]-&gt;com.fasterxml.jackson.databind.ObjectMapper[&quot;factory&quot;]-&gt;com.fasterxml.jackson.databind.MappingJsonFactory[&quot;codec&quot;]-&gt;com.fasterxml.jackson.databind.ObjectMapper[&quot;factory&quot;]-&gt;com.fasterxml.jackson.databind.MappingJsonFactory[&quot;codec&quot;]-&gt;com.fasterxml.jackson.databind.ObjectMapper[&quot;factory&quot;]-&gt;com.fasterxml.jackson.databind.MappingJsonFactory[&quot;codec&quot;]-&gt;com.fasterxml.jackson.databind.ObjectMapper[&quot;factory&quot;]-&gt;com.fasterxml.jackson.databind.MappingJsonFactory[&quot;codec&quot;]-&gt;com.fasterxml.jackson.databind.ObjectMapper[&quot;factory&quot;]-&gt;com.fasterxml.jackson.databind.MappingJsonFactory[&quot;codec&quot;]-&gt;com.fasterxml.jackson.databind.ObjectMapper[&quot;factory&quot;]-&gt;com.fasterxml.jackson.databind.MappingJsonFactory[&quot;codec&quot;]-&gt;com.fasterxml.jackson.databind.ObjectMapper[&quot;factory&quot;]-&gt;com.fasterxml.jackson.databind.MappingJsonFactory[&quot;codec&quot;]-&gt;com.fasterxml.jackson.databind.ObjectMapper[&quot;factory&quot;]-&gt;com.fasterxml.jackson.databind.MappingJsonFactory[&quot;codec&quot;]-&gt;com.fasterxml.jackson.databind.ObjectMapper[&quot;factory&quot;]-&gt;com.fasterxml.jackson.databind.MappingJsonFactory[&quot;codec&quot;]-&gt;com.fasterxml.jackson.databind.ObjectMapper[&quot;factory&quot;]-&gt;com.fasterxml.jackson.databind.MappingJsonFactory[&quot;codec&quot;]-&gt;com.fasterxml.jackson.databind.ObjectMapper[&quot;factory&quot;]-&gt;com.fasterxml.jackson.databind.MappingJsonFactory[&quot;codec&quot;]-&gt;com.fasterxml.jackson.databind.ObjectMapper[&quot;factory&quot;]-&gt;com.fasterxml.jackson.databind.MappingJsonFactory[&quot;codec&quot;]-&gt;com.fasterxml.jackson.databind.ObjectMapper[&quot;factory&quot;]-&gt;com.fasterxml.jackson.databind.MappingJsonFactory[&quot;codec&quot;]-&gt;com.fasterxml.jackson.databind.ObjectMapper[&quot;factory&quot;]-&gt;com.fasterxml.jackson.databind.MappingJsonFactory[&quot;codec&quot;]-&gt;com.fasterxml.jackson.databind.ObjectMapper[&quot;factory&quot;]-&gt;com.fasterxml.jackson.databind.MappingJsonFactory[&quot;codec&quot;]-&gt;com.fasterxml.jackson.databind.ObjectMapper[&quot;factory&quot;]-&gt;com.fasterxml.jackson.databind.MappingJsonFactory[&quot;codec&quot;]-&gt;com.fasterxml.jackson.databind.ObjectMapper[&quot;factory&quot;]-&gt;com.fasterxml.jackson.databind.MappingJsonFactory[&quot;codec&quot;]-&gt;com.fasterxml.jackson.databind.ObjectMapper[&quot;factory&quot;]-&gt;com.fasterxml.jackson.databind.MappingJsonFactory[&quot;codec&quot;]-&gt;com.fasterxml.jackson.databind.ObjectMapper[&quot;factory&quot;]-&gt;com.fasterxml.jackson.databind.MappingJsonFactory[&quot;codec&quot;]-&gt;com.fasterxml.jackson.databind.ObjectMapper[&quot;factory&quot;]-&gt;com.fasterxml.jackson.databind.MappingJsonFactory[&quot;codec&quot;]-&gt;com.fasterxml.jackson.databind.ObjectMapper[&quot;factory&quot;]-&gt;com.fasterxml.jackson.databind.MappingJsonFactory[&quot;codec&quot;]-&gt;com.fasterxml.jackson.databind.ObjectMapper[&quot;factory&quot;]-&gt;com.fasterxml.jackson.databind.MappingJsonFactory[&quot;codec&quot;]-&gt;com.fasterxml.jackson.databind.ObjectMapper[&quot;factory&quot;]-&gt;com.fasterxml.jackson.databind.MappingJsonFactory[&quot;codec&quot;]-&gt;com.fasterxml.jackson.databind.ObjectMapper[&quot;factory&quot;]-&gt;com.fasterxml.jackson.databind.MappingJsonFactory[&quot;codec&quot;]-&gt;com.fasterxml.jackson.databind.ObjectMapper[&quot;factory&quot;]-&gt;com.fasterxml.jackson.databind.MappingJsonFactory[&quot;codec&quot;]-&gt;com.fasterxml.jackson.databind.ObjectMapper[&quot;factory&quot;]-&gt;com.fasterxml.jackson.databind.MappingJsonFactory[&quot;codec&quot;]-&gt;com.fasterxml.jackson.databind.ObjectMapper[&quot;factory&quot;]-&gt;com.fasterxml.jackson.databind.MappingJsonFactory[&quot;codec&quot;]-&gt;com.fasterxml.jackson.databind.ObjectMapper[&quot;factory&quot;]-&gt;com.fasterxml.jackson.databind.MappingJsonFactory[&quot;codec&quot;]-&gt;com.fasterxml.jackson.databind.ObjectMapper[&quot;factory&quot;]-&gt;com.fasterxml.jackson.databind.MappingJsonFactory[&quot;codec&quot;]-&gt;com.fasterxml.jackson.databind.ObjectMapper[&quot;factory&quot;]-&gt;com.fasterxml.jackson.databind.MappingJsonFactory[&quot;codec&quot;]-&gt;com.fasterxml.jackson.databind.ObjectMapper[&quot;factory&quot;]-&gt;com.fasterxml.jackson.databind.MappingJsonFactory[&quot;codec&quot;]-&gt;com.fasterxml.jackson.databind.ObjectMapper[&quot;factory&quot;]-&gt;com.fasterxml.jackson.databind.MappingJsonFactory[&quot;codec&quot;]-&gt;com.fasterxml.jackson.databind.ObjectMapper[&quot;factory&quot;]-&gt;com.fasterxml.jackson.databind.MappingJsonFactory[&quot;codec&quot;]-&gt;com.fasterxml.jackson.databind.ObjectMapper[&quot;factory&quot;]-&gt;com.fasterxml.jackson.databind.MappingJsonFactory[&quot;codec&quot;]-&gt;com.fasterxml.jackson.databind.ObjectMapper[&quot;factory&quot;]-&gt;com.fasterxml.jackson.databind.MappingJsonFactory[&quot;codec&quot;]-&gt;com.fasterxml.jackson.databind.ObjectMapper[&quot;factory&quot;]-&gt;com.fasterxml.jackson.databind.MappingJsonFactory[&quot;codec&quot;]-&gt;com.fasterxml.jackson.databind.ObjectMapper[&quot;factory&quot;]-&gt;com.fasterxml.jackson.databind.MappingJsonFactory[&quot;codec&quot;]-&gt;com.fasterxml.jackson.databind.ObjectMapper[&quot;factory&quot;]-&gt;com.fasterxml.jackson.databind.MappingJsonFactory[&quot;codec&quot;]-&gt;com.fasterxml.jackson.databind.ObjectMapper[&quot;factory&quot;]-&gt;com.fasterxml.jackson.databind.MappingJsonFactory[&quot;codec&quot;]-&gt;com.fasterxml.jackson.databind.ObjectMapper[&quot;factory&quot;]-&gt;com.fasterxml.jackson.databind.MappingJsonFactory[&quot;codec&quot;]-&gt;com.fasterxml.jackson.databind.ObjectMapper[&quot;factory&quot;]-&gt;com.fasterxml.jackson.databind.MappingJsonFactory[&quot;codec&quot;]-&gt;com.fasterxml.jackson.databind.ObjectMapper[&quot;factory&quot;]-&gt;com.fasterxml.jackson.databind.MappingJsonFactory[&quot;codec&quot;]-&gt;com.fasterxml.jackson.databind.ObjectMapper[&quot;factory&quot;]-&gt;com.fasterxml.jackson.databind.MappingJsonFactory[&quot;codec&quot;]-&gt;com.fasterxml.jackson.databind.ObjectMapper[&quot;factory&quot;]-&gt;com.fasterxml.jackson.databind.MappingJsonFactory[&quot;codec&quot;]-&gt;com.fasterxml.jackson.databind.ObjectMapper[&quot;factory&quot;]-&gt;com.fasterxml.jackson.databind.MappingJsonFactory[&quot;codec&quot;]-&gt;com.fasterxml.jackson.databind.ObjectMapper[&quot;factory&quot;]-&gt;com.fasterxml.jackson.databind.MappingJsonFactory[&quot;codec&quot;]-&gt;com.fasterxml.jackson.databind.ObjectMapper[&quot;factory&quot;]-&gt;com.fasterxml.jackson.databind.MappingJsonFactory[&quot;codec&quot;]-&gt;com.fasterxml.jackson.databind.ObjectMapper[&quot;factory&quot;]-&gt;com.fasterxml.jackson.databind.MappingJsonFactory[&quot;codec&quot;]-&gt;com.fasterxml.jackson.databind.ObjectMapper[&quot;factory&quot;]-&gt;com.fasterxml.jackson.databind.MappingJsonFactory[&quot;codec&quot;]-&gt;com.fasterxml.jackson.databind.ObjectMapper[&quot;factory&quot;]-&gt;com.fasterxml.jackson.databind.MappingJsonFactory[&quot;codec&quot;]-&gt;com.fasterxml.jackson.databind.ObjectMapper[&quot;factory&quot;]-&gt;com.fasterxml.jackson.databind.MappingJsonFactory[&quot;codec&quot;]-&gt;com.fasterxml.jackson.databind.ObjectMapper[&quot;factory&quot;]-&gt;com.fasterxml.jackson.databind.MappingJsonFactory[&quot;codec&quot;]-&gt;com.fasterxml.jackson.databind.ObjectMapper[&quot;factory&quot;]-&gt;com.fasterxml.jackson.databind.MappingJsonFactory[&quot;codec&quot;]-&gt;com.fasterxml.jackson.databind.ObjectMapper[&quot;factory&quot;]-&gt;com.fasterxml.jackson.databind.MappingJsonFactory[&quot;codec&quot;]-&gt;com.fasterxml.jackson.databind.ObjectMapper[&quot;factory&quot;]-&gt;com.fasterxml.jackson.databind.MappingJsonFactory[&quot;codec&quot;]-&gt;com.fasterxml.jackson.databind.ObjectMapper[&quot;factory&quot;]-&gt;com.fasterxml.jackson.databind.MappingJsonFactory[&quot;codec&quot;]-&gt;com.fasterxml.jackson.databind.ObjectMapper[&quot;factory&quot;]-&gt;com.fasterxml.jackson.databind.MappingJsonFactory[&quot;codec&quot;]-&gt;com.fasterxml.jackson.databind.ObjectMapper[&quot;factory&quot;]-&gt;com.fasterxml.jackson.databind.MappingJsonFactory[&quot;codec&quot;]-&gt;com.fasterxml.jackson.databind.ObjectMapper[&quot;factory&quot;]-&gt;com.fasterxml.jackson.databind.MappingJsonFactory[&quot;codec&quot;]-&gt;com.fasterxml.jackson.databind.ObjectMapper[&quot;factory&quot;]-&gt;com.fasterxml.jackson.databind.MappingJsonFactory[&quot;codec&quot;]-&gt;com.fasterxml.jackson.databind.ObjectMapper[&quot;factory&quot;]-&gt;com.fasterxml.jackson.databind.MappingJsonFactory[&quot;codec&quot;]-&gt;com.fasterxml.jackson.databind.ObjectMapper[&quot;factory&quot;]-&gt;com.fasterxml.jackson.databind.MappingJsonFactory[&quot;codec&quot;]-&gt;com.fasterxml.jackson.databind.ObjectMapper[&quot;factory&quot;]-&gt;com.fasterxml.jackson.databind.MappingJsonFactory[&quot;codec&quot;]-&gt;com.fasterxml.jackson.databind.ObjectMapper[&quot;factory&quot;]-&gt;com.fasterxml.jackson.databind.MappingJsonFactory[&quot;codec&quot;]-&gt;com.fasterxml.jackson.databind.ObjectMapper[&quot;factory&quot;]-&gt;com.fasterxml.jackson.databind.MappingJsonFactory[&quot;codec&quot;]-&gt;com.fasterxml.jackson.databind.ObjectMapper[&quot;factory&quot;]-&gt;com.fasterxml.jackson.databind.MappingJsonFactory[&quot;codec&quot;]-&gt;com.fasterxml.jackson.databind.ObjectMapper[&quot;factory&quot;]-&gt;com.fasterxml.jackson.databind.MappingJsonFactory[&quot;codec&quot;]-&gt;com.fasterxml.jackson.databind.ObjectMapper[&quot;factory&quot;]-&gt;com.fasterxml.jackson.databind.MappingJsonFactory[&quot;codec&quot;]-&gt;com.fasterxml.jackson.databind.ObjectMapper[&quot;factory&quot;]-&gt;com.fasterxml.jackson.databind.MappingJsonFactory[&quot;codec&quot;]-&gt;com.fasterxml.jackson.databind.ObjectMapper[&quot;factory&quot;]-&gt;com.fasterxml.jackson.databind.MappingJsonFactory[&quot;codec&quot;]-&gt;com.fasterxml.jackson.databind.ObjectMapper[&quot;factory&quot;]-&gt;com.fasterxml.jackson.databind.MappingJsonFactory[&quot;codec&quot;]-&gt;com.fasterxml.jackson.databind.ObjectMapper[&quot;factory&quot;]-&gt;com.fasterxml.jackson.databind.MappingJsonFactory[&quot;codec&quot;]-&gt;com.fasterxml.jackson.databind.ObjectMapper[&quot;factory&quot;]-&gt;com.fasterxml.jackson.databind.MappingJsonFactory[&quot;codec&quot;]-&gt;com.fasterxml.jackson.databind.ObjectMapper[&quot;factory&quot;]-&gt;com.fasterxml.jackson.databind.MappingJsonFactory[&quot;codec&quot;]-&gt;com.fasterxml.jackson.databind.ObjectMapper[&quot;factory&quot;]-&gt;com.fasterxml.jackson.databind.MappingJsonFactory[&quot;codec&quot;]-&gt;com.fasterxml.jackson.databind.ObjectMapper[&quot;factory&quot;]-&gt;com.fasterxml.jackson.databind.MappingJsonFactory[&quot;codec&quot;]-&gt;com.fasterxml.jackson.databind.ObjectMapper[&quot;factory&quot;]-&gt;com.fasterxml.jackson.databind.MappingJsonFactory[&quot;codec&quot;]-&gt;com.fasterxml.jackson.databind.ObjectMapper[&quot;factory&quot;]-&gt;com.fasterxml.jackson.databind.MappingJsonFactory[&quot;codec&quot;]-&gt;com.fasterxml.jackson.databind.ObjectMapper[&quot;factory&quot;]-&gt;com.fasterxml.jackson.databind.MappingJsonFactory[&quot;codec&quot;]-&gt;com.fasterxml.jackson.databind.ObjectMapper[&quot;factory&quot;]-&gt;com.fasterxml.jackson.databind.MappingJsonFactory[&quot;codec&quot;]-&gt;com.fasterxml.jackson.databind.ObjectMapper[&quot;factory&quot;]-&gt;com.fasterxml.jackson.databind.MappingJsonFactory[&quot;codec&quot;]-&gt;com.fasterxml.jackson.databind.ObjectMapper[&quot;factory&quot;]-&gt;com.fasterxml.jackson.databind.MappingJsonFactory[&quot;codec&quot;]-&gt;com.fasterxml.jackson.databind.ObjectMapper[&quot;factory&quot;]-&gt;com.fasterxml.jackson.databind.MappingJsonFactory[&quot;codec&quot;]-&gt;com.fasterxml.jackson.databind.ObjectMapper[&quot;factory&quot;]-&gt;com.fasterxml.jackson.databind.MappingJsonFactory[&quot;codec&quot;]-&gt;com.fasterxml.jackson.databind.ObjectMapper[&quot;factory&quot;]-&gt;com.fasterxml.jackson.databind.MappingJsonFactory[&quot;codec&quot;]-&gt;com.fasterxml.jackson.databind.ObjectMapper[&quot;factory&quot;]-&gt;com.fasterxml.jackson.databind.MappingJsonFactory[&quot;codec&quot;]-&gt;com.fasterxml.jackson.databind.ObjectMapper[&quot;factory&quot;]-&gt;com.fasterxml.jackson.databind.MappingJsonFactory[&quot;codec&quot;]-&gt;com.fasterxml.jackson.databind.ObjectMapper[&quot;factory&quot;]-&gt;com.fasterxml.jackson.databind.MappingJsonFactory[&quot;codec&quot;]-&gt;com.fasterxml.jackson.databind.ObjectMapper[&quot;factory&quot;]-&gt;com.fasterxml.jackson.databind.MappingJsonFactory[&quot;codec&quot;]-&gt;com.fasterxml.jackson.databind.ObjectMapper[&quot;factory&quot;]-&gt;com.fasterxml.jackson.databind.MappingJsonFactory[&quot;codec&quot;]-&gt;com.fasterxml.jackson.databind.ObjectMapper[&quot;factory&quot;]-&gt;com.fasterxml.jackson.databind.MappingJsonFactory[&quot;codec&quot;]-&gt;com.fasterxml.jackson.databind.ObjectMapper[&quot;factory&quot;]-&gt;com.fasterxml.jackson.databind.MappingJsonFactory[&quot;codec&quot;]-&gt;com.fasterxml.jackson.databind.ObjectMapper[&quot;factory&quot;]-&gt;com.fasterxml.jackson.databind.MappingJsonFactory[&quot;codec&quot;]-&gt;com.fasterxml.jackson.databind.ObjectMapper[&quot;factory&quot;]-&gt;com.fasterxml.jackson.databind.MappingJsonFactory[&quot;codec&quot;]-&gt;com.fasterxml.jackson.databind.ObjectMapper[&quot;factory&quot;]-&gt;com.fasterxml.jackson.databind.MappingJsonFactory[&quot;codec&quot;]-&gt;com.fasterxml.jackson.databind.ObjectMapper[&quot;factory&quot;]-&gt;com.fasterxml.jackson.databind.MappingJsonFactory[&quot;codec&quot;]-&gt;com.fasterxml.jackson.databind.ObjectMapper[&quot;factory&quot;]-&gt;com.fasterxml.jackson.databind.MappingJsonFactory[&quot;codec&quot;]-&gt;com.fasterxml.jackson.databind.ObjectMapper[&quot;factory&quot;]-&gt;com.fasterxml.jackson.databind.MappingJsonFactory[&quot;codec&quot;]-&gt;com.fasterxml.jackson.databind.ObjectMapper[&quot;factory&quot;]-&gt;com.fasterxml.jackson.databind.MappingJsonFactory[&quot;codec&quot;]-&gt;com.fasterxml.jackson.databind.ObjectMapper[&quot;factory&quot;]-&gt;com.fasterxml.jackson.databind.MappingJsonFactory[&quot;codec&quot;]-&gt;com.fasterxml.jackson.databind.ObjectMapper[&quot;factory&quot;]-&gt;com.fasterxml.jackson.databind.MappingJsonFactory[&quot;codec&quot;]-&gt;com.fasterxml.jackson.databind.ObjectMapper[&quot;factory&quot;]-&gt;com.fasterxml.jackson.databind.MappingJsonFactory[&quot;codec&quot;]-&gt;com.fasterxml.jackson.databind.ObjectMapper[&quot;factory&quot;]-&gt;com.fasterxml.jackson.databind.MappingJsonFactory[&quot;codec&quot;]-&gt;com.fasterxml.jackson.databind.ObjectMapper[&quot;factory&quot;]-&gt;com.fasterxml.jackson.databind.MappingJsonFactory[&quot;codec&quot;]-&gt;com.fasterxml.jackson.databind.ObjectMapper[&quot;factory&quot;]-&gt;com.fasterxml.jackson.databind.MappingJsonFactory[&quot;codec&quot;]-&gt;com.fasterxml.jackson.databind.ObjectMapper[&quot;factory&quot;]-&gt;com.fasterxml.jackson.databind.MappingJsonFactory[&quot;codec&quot;]-&gt;com.fasterxml.jackson.databind.ObjectMapper[&quot;factory&quot;]-&gt;com.fasterxml.jackson.databind.MappingJsonFactory[&quot;codec&quot;]-&gt;com.fasterxml.jackson.databind.ObjectMapper[&quot;factory&quot;]-&gt;com.fasterxml.jackson.databind.MappingJsonFactory[&quot;codec&quot;]-&gt;com.fasterxml.jackson.databind.ObjectMapper[&quot;factory&quot;]-&gt;com.fasterxml.jackson.databind.MappingJsonFactory[&quot;codec&quot;]-&gt;com.fasterxml.jackson.databind.ObjectMapper[&quot;factory&quot;]-&gt;com.fasterxml.jackson.databind.MappingJsonFactory[&quot;codec&quot;]-&gt;com.fasterxml.jackson.databind.ObjectMapper[&quot;factory&quot;]-&gt;com.fasterxml.jackson.databind.MappingJsonFactory[&quot;codec&quot;]-&gt;com.fasterxml.jackson.databind.ObjectMapper[&quot;factory&quot;]-&gt;com.fasterxml.jackson.databind.MappingJsonFactory[&quot;codec&quot;]-&gt;com.fasterxml.jackson.databind.ObjectMapper[&quot;factory&quot;]-&gt;com.fasterxml.jackson.databind.MappingJsonFactory[&quot;codec&quot;]-&gt;com.fasterxml.jackson.databind.ObjectMapper[&quot;factory&quot;]-&gt;com.fasterxml.jackson.databind.MappingJsonFactory[&quot;codec&quot;]-&gt;com.fasterxml.jackson.databind.ObjectMapper[&quot;factory&quot;]-&gt;com.fasterxml.jackson.databind.MappingJsonFactory[&quot;codec&quot;]-&gt;com.fasterxml.jackson.databind.ObjectMapper[&quot;factory&quot;]-&gt;com.fasterxml.jackson.databind.MappingJsonFactory[&quot;codec&quot;]-&gt;com.fasterxml.jackson.databind.ObjectMapper[&quot;factory&quot;]-&gt;com.fasterxml.jackson.databind.MappingJsonFactory[&quot;codec&quot;]-&gt;com.fasterxml.jackson.databind.ObjectMapper[&quot;factory&quot;]-&gt;com.fasterxml.jackson.databind.MappingJsonFactory[&quot;codec&quot;]-&gt;com.fasterxml.jackson.databind.ObjectMapper[&quot;factory&quot;]-&gt;com.fasterxml.jackson.databind.MappingJsonFactory[&quot;codec&quot;]-&gt;com.fasterxml.jackson.databind.ObjectMapper[&quot;factory&quot;]-&gt;com.fasterxml.jackson.databind.MappingJsonFactory[&quot;codec&quot;]-&gt;com.fasterxml.jackson.databind.ObjectMapper[&quot;factory&quot;]-&gt;com.fasterxml.jackson.databind.MappingJsonFactory[&quot;codec&quot;]-&gt;com.fasterxml.jackson.databind.ObjectMapper[&quot;factory&quot;]-&gt;com.fasterxml.jackson.databind.MappingJsonFactory[&quot;codec&quot;]-&gt;com.fasterxml.jackson.databind.ObjectMapper[&quot;factory&quot;]-&gt;com.fasterxml.jackson.databind.MappingJsonFactory[&quot;codec&quot;]-&gt;com.fasterxml.jackson.databind.ObjectMapper[&quot;factory&quot;]-&gt;com.fasterxml.jackson.databind.MappingJsonFactory[&quot;codec&quot;]-&gt;com.fasterxml.jackson.databind.ObjectMapper[&quot;factory&quot;]-&gt;com.fasterxml.jackson.databind.MappingJsonFactory[&quot;codec&quot;]-&gt;com.fasterxml.jackson.databind.ObjectMapper[&quot;factory&quot;]-&gt;com.fasterxml.jackson.databind.MappingJsonFactory[&quot;codec&quot;]-&gt;com.fasterxml.jackson.databind.ObjectMapper[&quot;factory&quot;]-&gt;com.fasterxml.jackson.databind.MappingJsonFactory[&quot;codec&quot;]-&gt;com.fasterxml.jackson.databind.ObjectMapper[&quot;factory&quot;]-&gt;com.fasterxml.jackson.databind.MappingJsonFactory[&quot;codec&quot;]-&gt;com.fasterxml.jackson.databind.ObjectMapper[&quot;factory&quot;]-&gt;com.fasterxml.jackson.databind.MappingJsonFactory[&quot;codec&quot;]-&gt;com.fasterxml.jackson.databind.ObjectMapper[&quot;factory&quot;]-&gt;com.fasterxml.jackson.databind.MappingJsonFactory[&quot;codec&quot;]-&gt;com.fasterxml.jackson.databind.ObjectMapper[&quot;factory&quot;]-&gt;com.fasterxml.jackson.databind.MappingJsonFactory[&quot;codec&quot;]-&gt;com.fasterxml.jackson.databind.ObjectMapper[&quot;factory&quot;]-&gt;com.fasterxml.jackson.databind.MappingJsonFactory[&quot;codec&quot;]-&gt;com.fasterxml.jackson.databind.ObjectMapper[&quot;factory&quot;]-&gt;com.fasterxml.jackson.databind.MappingJsonFactory[&quot;codec&quot;]-&gt;com.fasterxml.jackson.databind.ObjectMapper[&quot;factory&quot;]-&gt;com.fasterxml.jackson.databind.MappingJsonFactory[&quot;codec&quot;]-&gt;com.fasterxml.jackson.databind.ObjectMapper[&quot;factory&quot;]-&gt;com.fasterxml.jackson.databind.MappingJsonFactory[&quot;codec&quot;]-&gt;com.fasterxml.jackson.databind.ObjectMapper[&quot;factory&quot;]-&gt;com.fasterxml.jackson.databind.MappingJsonFactory[&quot;codec&quot;]-&gt;com.fasterxml.jackson.databind.ObjectMapper[&quot;factory&quot;]-&gt;com.fasterxml.jackson.databind.MappingJsonFactory[&quot;codec&quot;]-&gt;com.fasterxml.jackson.databind.ObjectMapper[&quot;factory&quot;]-&gt;com.fasterxml.jackson.databind.MappingJsonFactory[&quot;codec&quot;]-&gt;com.fasterxml.jackson.databind.ObjectMapper[&quot;factory&quot;]-&gt;com.fasterxml.jackson.databind.MappingJsonFactory[&quot;codec&quot;]-&gt;com.fasterxml.jackson.databind.ObjectMapper[&quot;factory&quot;]-&gt;com.fasterxml.jackson.databind.MappingJsonFactory[&quot;codec&quot;]-&gt;com.fasterxml.jackson.databind.ObjectMapper[&quot;factory&quot;]-&gt;com.fasterxml.jackson.databind.MappingJsonFactory[&quot;codec&quot;]-&gt;com.fasterxml.jackson.databind.ObjectMapper[&quot;factory&quot;]-&gt;com.fasterxml.jackson.databind.MappingJsonFactory[&quot;codec&quot;]-&gt;com.fasterxml.jackson.databind.ObjectMapper[&quot;factory&quot;]-&gt;com.fasterxml.jackson.databind.MappingJsonFactory[&quot;codec&quot;]-&gt;com.fasterxml.jackson.databind.ObjectMapper[&quot;factory&quot;]-&gt;com.fasterxml.jackson.databind.MappingJsonFactory[&quot;codec&quot;]-&gt;com.fasterxml.jackson.databind.ObjectMapper[&quot;factory&quot;]-&gt;com.fasterxml.jackson.databind.MappingJsonFactory[&quot;codec&quot;]-&gt;com.fasterxml.jackson.databind.ObjectMapper[&quot;factory&quot;]-&gt;com.fasterxml.jackson.databind.MappingJsonFactory[&quot;codec&quot;]-&gt;com.fasterxml.jackson.databind.ObjectMapper[&quot;factory&quot;]-&gt;com.fasterxml.jackson.databind.MappingJsonFactory[&quot;codec&quot;]-&gt;com.fasterxml.jackson.databind.ObjectMapper[&quot;factory&quot;]-&gt;com.fasterxml.jackson.databind.MappingJsonFactory[&quot;codec&quot;]-&gt;com.fasterxml.jackson.databind.ObjectMapper[&quot;factory&quot;]-&gt;com.fasterxml.jackson.databind.MappingJsonFactory[&quot;codec&quot;]-&gt;com.fasterxml.jackson.databind.ObjectMapper[&quot;factory&quot;]-&gt;com.fasterxml.jackson.databind.MappingJsonFactory[&quot;codec&quot;]-&gt;com.fasterxml.jackson.databind.ObjectMapper[&quot;factory&quot;]-&gt;com.fasterxml.jackson.databind.MappingJsonFactory[&quot;codec&quot;]-&gt;com.fasterxml.jackson.databind.ObjectMapper[&quot;factory&quot;]-&gt;com.fasterxml.jackson.databind.MappingJsonFactory[&quot;codec&quot;]-&gt;com.fasterxml.jackson.databind.ObjectMapper[&quot;factory&quot;]-&gt;com.fasterxml.jackson.databind.MappingJsonFactory[&quot;codec&quot;]-&gt;com.fasterxml.jackson.databind.ObjectMapper[&quot;factory&quot;]-&gt;com.fasterxml.jackson.databind.MappingJsonFactory[&quot;codec&quot;]-&gt;com.fasterxml.jackson.databind.ObjectMapper[&quot;factory&quot;]-&gt;com.fasterxml.jackson.databind.MappingJsonFactory[&quot;codec&quot;]-&gt;com.fasterxml.jackson.databind.ObjectMapper[&quot;factory&quot;]-&gt;com.fasterxml.jackson.databind.MappingJsonFactory[&quot;codec&quot;]-&gt;com.fasterxml.jackson.databind.ObjectMapper[&quot;factory&quot;]-&gt;com.fasterxml.jackson.databind.MappingJsonFactory[&quot;codec&quot;]-&gt;com.fasterxml.jackson.databind.ObjectMapper[&quot;factory&quot;]-&gt;com.fasterxml.jackson.databind.MappingJsonFactory[&quot;codec&quot;]-&gt;com.fasterxml.jackson.databind.ObjectMapper[&quot;factory&quot;]-&gt;com.fasterxml.jackson.databind.MappingJsonFactory[&quot;codec&quot;]-&gt;com.fasterxml.jackson.databind.ObjectMapper[&quot;factory&quot;]-&gt;com.fasterxml.jackson.databind.MappingJsonFactory[&quot;codec&quot;]-&gt;com.fasterxml.jackson.databind.ObjectMapper[&quot;factory&quot;]-&gt;com.fasterxml.jackson.databind.MappingJsonFactory[&quot;codec&quot;]-&gt;com.fasterxml.jackson.databind.ObjectMapper[&quot;factory&quot;]-&gt;com.fasterxml.jackson.databind.MappingJsonFactory[&quot;codec&quot;]-&gt;com.fasterxml.jackson.databind.ObjectMapper[&quot;factory&quot;]-&gt;com.fasterxml.jackson.databind.MappingJsonFactory[&quot;codec&quot;]-&gt;com.fasterxml.jackson.databind.ObjectMapper[&quot;factory&quot;]-&gt;com.fasterxml.jackson.databind.MappingJsonFactory[&quot;codec&quot;]-&gt;com.fasterxml.jackson.databind.ObjectMapper[&quot;factory&quot;]-&gt;com.fasterxml.jackson.databind.MappingJsonFactory[&quot;codec&quot;]-&gt;com.fasterxml.jackson.databind.ObjectMapper[&quot;factory&quot;]-&gt;com.fasterxml.jackson.databind.MappingJsonFactory[&quot;codec&quot;]-&gt;com.fasterxml.jackson.databind.ObjectMapper[&quot;factory&quot;]-&gt;com.fasterxml.jackson.databind.MappingJsonFactory[&quot;codec&quot;]-&gt;com.fasterxml.jackson.databind.ObjectMapper[&quot;factory&quot;]-&gt;com.fasterxml.jackson.databind.MappingJsonFactory[&quot;codec&quot;]-&gt;com.fasterxml.jackson.databind.ObjectMapper[&quot;factory&quot;]-&gt;com.fasterxml.jackson.databind.MappingJsonFactory[&quot;codec&quot;]-&gt;com.fasterxml.jackson.databind.ObjectMapper[&quot;factory&quot;]-&gt;com.fasterxml.jackson.databind.MappingJsonFactory[&quot;codec&quot;]-&gt;com.fasterxml.jackson.databind.ObjectMapper[&quot;factory&quot;]-&gt;com.fasterxml.jackson.databind.MappingJsonFactory[&quot;codec&quot;]-&gt;com.fasterxml.jackson.databind.ObjectMapper[&quot;factory&quot;]-&gt;com.fasterxml.jackson.databind.MappingJsonFactory[&quot;codec&quot;]-&gt;com.fasterxml.jackson.databind.ObjectMapper[&quot;factory&quot;]-&gt;com.fasterxml.jackson.databind.MappingJsonFactory[&quot;codec&quot;]-&gt;com.fasterxml.jackson.databind.ObjectMapper[&quot;factory&quot;]-&gt;com.fasterxml.jackson.databind.MappingJsonFactory[&quot;codec&quot;]-&gt;com.fasterxml.jackson.databind.ObjectMapper[&quot;factory&quot;]-&gt;com.fasterxml.jackson.databind.MappingJsonFactory[&quot;codec&quot;]-&gt;com.fasterxml.jackson.databind.ObjectMapper[&quot;factory&quot;]-&gt;com.fasterxml.jackson.databind.MappingJsonFactory[&quot;codec&quot;]-&gt;com.fasterxml.jackson.databind.ObjectMapper[&quot;factory&quot;]-&gt;com.fasterxml.jackson.databind.MappingJsonFactory[&quot;codec&quot;]-&gt;com.fasterxml.jackson.databind.ObjectMapper[&quot;factory&quot;]-&gt;com.fasterxml.jackson.databind.MappingJsonFactory[&quot;codec&quot;]-&gt;com.fasterxml.jackson.databind.ObjectMapper[&quot;factory&quot;]-&gt;com.fasterxml.jackson.databind.MappingJsonFactory[&quot;codec&quot;]-&gt;com.fasterxml.jackson.databind.ObjectMapper[&quot;factory&quot;]-&gt;com.fasterxml.jackson.databind.MappingJsonFactory[&quot;codec&quot;]-&gt;com.fasterxml.jackson.databind.ObjectMapper[&quot;factory&quot;]-&gt;com.fasterxml.jackson.databind.MappingJsonFactory[&quot;codec&quot;]-&gt;com.fasterxml.jackson.databind.ObjectMapper[&quot;factory&quot;]-&gt;com.fasterxml.jackson.databind.MappingJsonFactory[&quot;codec&quot;]-&gt;com.fasterxml.jackson.databind.ObjectMapper[&quot;factory&quot;]-&gt;com.fasterxml.jackson.databind.MappingJsonFactory[&quot;codec&quot;]-&gt;com.fasterxml.jackson.databind.ObjectMapper[&quot;factory&quot;]-&gt;com.fasterxml.jackson.databind.MappingJsonFactory[&quot;codec&quot;]-&gt;com.fasterxml.jackson.databind.ObjectMapper[&quot;factory&quot;]-&gt;com.fasterxml.jackson.databind.MappingJsonFactory[&quot;codec&quot;]-&gt;com.fasterxml.jackson.databind.ObjectMapper[&quot;factory&quot;]-&gt;com.fasterxml.jackson.databind.MappingJsonFactory[&quot;codec&quot;]-&gt;com.fasterxml.jackson.databind.ObjectMapper[&quot;factory&quot;]-&gt;com.fasterxml.jackson.databind.MappingJsonFactory[&quot;codec&quot;]-&gt;com.fasterxml.jackson.databind.ObjectMapper[&quot;factory&quot;]-&gt;com.fasterxml.jackson.databind.MappingJsonFactory[&quot;codec&quot;]-&gt;com.fasterxml.jackson.databind.ObjectMapper[&quot;factory&quot;]-&gt;com.fasterxml.jackson.databind.MappingJsonFactory[&quot;codec&quot;]-&gt;com.fasterxml.jackson.databind.ObjectMapper[&quot;factory&quot;]-&gt;com.fasterxml.jackson.databind.MappingJsonFactory[&quot;codec&quot;]-&gt;com.fasterxml.jackson.databind.ObjectMapper[&quot;factory&quot;]-&gt;com.fasterxml.jackson.databind.MappingJsonFactory[&quot;codec&quot;]-&gt;com.fasterxml.jackson.databind.ObjectMapper[&quot;factory&quot;]-&gt;com.fasterxml.jackson.databind.MappingJsonFactory[&quot;codec&quot;]-&gt;com.fasterxml.jackson.databind.ObjectMapper[&quot;factory&quot;]-&gt;com.fasterxml.jackson.databind.MappingJsonFactory[&quot;codec&quot;]-&gt;com.fasterxml.jackson.databind.ObjectMapper[&quot;factory&quot;]-&gt;com.fasterxml.jackson.databind.MappingJsonFactory[&quot;codec&quot;]-&gt;com.fasterxml.jackson.databind.ObjectMapper[&quot;factory&quot;]-&gt;com.fasterxml.jackson.databind.MappingJsonFactory[&quot;codec&quot;]-&gt;com.fasterxml.jackson.databind.ObjectMapper[&quot;factory&quot;]-&gt;com.fasterxml.jackson.databind.MappingJsonFactory[&quot;codec&quot;]-&gt;com.fasterxml.jackson.databind.ObjectMapper[&quot;factory&quot;]-&gt;com.fasterxml.jackson.databind.MappingJsonFactory[&quot;codec&quot;]-&gt;com.fasterxml.jackson.databind.ObjectMapper[&quot;factory&quot;]-&gt;com.fasterxml.jackson.databind.MappingJsonFactory[&quot;codec&quot;]-&gt;com.fasterxml.jackson.databind.ObjectMapper[&quot;factory&quot;]-&gt;com.fasterxml.jackson.databind.MappingJsonFactory[&quot;codec&quot;]-&gt;com.fasterxml.jackson.databind.ObjectMapper[&quot;factory&quot;]-&gt;com.fasterxml.jackson.databind.MappingJsonFactory[&quot;codec&quot;]-&gt;com.fasterxml.jackson.databind.ObjectMapper[&quot;factory&quot;]-&gt;com.fasterxml.jackson.databind.MappingJsonFactory[&quot;codec&quot;]-&gt;com.fasterxml.jackson.databind.ObjectMapper[&quot;factory&quot;]-&gt;com.fasterxml.jackson.databind.MappingJsonFactory[&quot;codec&quot;]-&gt;com.fasterxml.jackson.databind.ObjectMapper[&quot;factory&quot;]-&gt;com.fasterxml.jackson.databind.MappingJsonFactory[&quot;codec&quot;]-&gt;com.fasterxml.jackson.databind.ObjectMapper[&quot;factory&quot;]-&gt;com.fasterxml.jackson.databind.MappingJsonFactory[&quot;codec&quot;]-&gt;com.fasterxml.jackson.databind.ObjectMapper[&quot;factory&quot;]-&gt;com.fasterxml.jackson.databind.MappingJsonFactory[&quot;codec&quot;]-&gt;com.fasterxml.jackson.databind.ObjectMapper[&quot;factory&quot;]-&gt;com.fasterxml.jackson.databind.MappingJsonFactory[&quot;codec&quot;]-&gt;com.fasterxml.jackson.databind.ObjectMapper[&quot;factory&quot;]-&gt;com.fasterxml.jackson.databind.MappingJsonFactory[&quot;codec&quot;]-&gt;com.fasterxml.jackson.databind.ObjectMapper[&quot;factory&quot;]-&gt;com.fasterxml.jackson.databind.MappingJsonFactory[&quot;codec&quot;]-&gt;com.fasterxml.jackson.databind.ObjectMapper[&quot;factory&quot;]-&gt;com.fasterxml.jackson.databind.MappingJsonFactory[&quot;codec&quot;]-&gt;com.fasterxml.jackson.databind.ObjectMapper[&quot;factory&quot;]-&gt;com.fasterxml.jackson.databind.MappingJsonFactory[&quot;codec&quot;]-&gt;com.fasterxml.jackson.databind.ObjectMapper[&quot;factory&quot;]-&gt;com.fasterxml.jackson.databind.MappingJsonFactory[&quot;codec&quot;]-&gt;com.fasterxml.jackson.databind.ObjectMapper[&quot;factory&quot;]-&gt;com.fasterxml.jackson.databind.MappingJsonFactory[&quot;codec&quot;]-&gt;com.fasterxml.jackson.databind.ObjectMapper[&quot;factory&quot;]-&gt;com.fasterxml.jackson.databind.MappingJsonFactory[&quot;codec&quot;]-&gt;com.fasterxml.jackson.databind.ObjectMapper[&quot;factory&quot;]-&gt;com.fasterxml.jackson.databind.MappingJsonFactory[&quot;codec&quot;]-&gt;com.fasterxml.jackson.databind.ObjectMapper[&quot;factory&quot;]-&gt;com.fasterxml.jackson.databind.MappingJsonFactory[&quot;codec&quot;]-&gt;com.fasterxml.jackson.databind.ObjectMapper[&quot;factory&quot;]-&gt;com.fasterxml.jackson.databind.MappingJsonFactory[&quot;codec&quot;]-&gt;com.fasterxml.jackson.databind.ObjectMapper[&quot;factory&quot;]-&gt;com.fasterxml.jackson.databind.MappingJsonFactory[&quot;codec&quot;]-&gt;com.fasterxml.jackson.databind.ObjectMapper[&quot;factory&quot;]-&gt;com.fasterxml.jackson.databind.MappingJsonFactory[&quot;codec&quot;]-&gt;com.fasterxml.jackson.databind.ObjectMapper[&quot;factory&quot;]-&gt;com.fasterxml.jackson.databind.MappingJsonFactory[&quot;codec&quot;]-&gt;com.fasterxml.jackson.databind.ObjectMapper[&quot;factory&quot;]-&gt;com.fasterxml.jackson.databind.MappingJsonFactory[&quot;codec&quot;]-&gt;com.fasterxml.jackson.databind.ObjectMapper[&quot;factory&quot;]-&gt;com.fasterxml.jackson.databind.MappingJsonFactory[&quot;codec&quot;]-&gt;com.fasterxml.jackson.databind.ObjectMapper[&quot;factory&quot;]-&gt;com.fasterxml.jackson.databind.MappingJsonFactory[&quot;codec&quot;]-&gt;com.fasterxml.jackson.databind.ObjectMapper[&quot;factory&quot;]-&gt;com.fasterxml.jackson.databind.MappingJsonFactory[&quot;codec&quot;]-&gt;com.fasterxml.jackson.databind.ObjectMapper[&quot;factory&quot;]-&gt;com.fasterxml.jackson.databind.MappingJsonFactory[&quot;codec&quot;]-&gt;com.fasterxml.jackson.databind.ObjectMapper[&quot;factory&quot;]-&gt;com.fasterxml.jackson.databind.MappingJsonFactory[&quot;codec&quot;]-&gt;com.fasterxml.jackson.databind.ObjectMapper[&quot;factory&quot;]-&gt;com.fasterxml.jackson.databind.MappingJsonFactory[&quot;codec&quot;]-&gt;com.fasterxml.jackson.databind.ObjectMapper[&quot;factory&quot;]-&gt;com.fasterxml.jackson.databind.MappingJsonFactory[&quot;codec&quot;]-&gt;com.fasterxml.jackson.databind.ObjectMapper[&quot;factory&quot;]-&gt;com.fasterxml.jackson.databind.MappingJsonFactory[&quot;codec&quot;])" type="com.fasterxml.jackson.databind.JsonMappingException">
      <![CDATA[com.fasterxml.jackson.databind.JsonMappingException: Infinite recursion (StackOverflowError) (through reference chain: com.fasterxml.jackson.databind.ObjectMapper["factory"]->com.fasterxml.jackson.databind.MappingJsonFactory["codec"]->com.fasterxml.jackson.databind.ObjectMapper["factory"]->com.fasterxml.jackson.databind.MappingJsonFactory["codec"]->com.fasterxml.jackson.databind.ObjectMapper["factory"]->com.fasterxml.jackson.databind.MappingJsonFactory["codec"]->com.fasterxml.jackson.databind.ObjectMapper["factory"]->com.fasterxml.jackson.databind.MappingJsonFactory["codec"]->com.fasterxml.jackson.databind.ObjectMapper["factory"]->com.fasterxml.jackson.databind.MappingJsonFactory["codec"]->com.fasterxml.jackson.databind.ObjectMapper["factory"]->com.fasterxml.jackson.databind.MappingJsonFactory["codec"]->com.fasterxml.jackson.databind.ObjectMapper["factory"]->com.fasterxml.jackson.databind.MappingJsonFactory["codec"]->com.fasterxml.jackson.databind.ObjectMapper["factory"]->com.fasterxml.jackson.databind.MappingJsonFactory["codec"]->com.fasterxml.jackson.databind.ObjectMapper["factory"]->com.fasterxml.jackson.databind.MappingJsonFactory["codec"]->com.fasterxml.jackson.databind.ObjectMapper["factory"]->com.fasterxml.jackson.databind.MappingJsonFactory["codec"]->com.fasterxml.jackson.databind.ObjectMapper["factory"]->com.fasterxml.jackson.databind.MappingJsonFactory["codec"]->com.fasterxml.jackson.databind.ObjectMapper["factory"]->com.fasterxml.jackson.databind.MappingJsonFactory["codec"]->com.fasterxml.jackson.databind.ObjectMapper["factory"]->com.fasterxml.jackson.databind.MappingJsonFactory["codec"]->com.fasterxml.jackson.databind.ObjectMapper["factory"]->com.fasterxml.jackson.databind.MappingJsonFactory["codec"]->com.fasterxml.jackson.databind.ObjectMapper["factory"]->com.fasterxml.jackson.databind.MappingJsonFactory["codec"]->com.fasterxml.jackson.databind.ObjectMapper["factory"]->com.fasterxml.jackson.databind.MappingJsonFactory["codec"]->com.fasterxml.jackson.databind.ObjectMapper["factory"]->com.fasterxml.jackson.databind.MappingJsonFactory["codec"]->com.fasterxml.jackson.databind.ObjectMapper["factory"]->com.fasterxml.jackson.databind.MappingJsonFactory["codec"]->com.fasterxml.jackson.databind.ObjectMapper["factory"]->com.fasterxml.jackson.databind.MappingJsonFactory["codec"]->com.fasterxml.jackson.databind.ObjectMapper["factory"]->com.fasterxml.jackson.databind.MappingJsonFactory["codec"]->com.fasterxml.jackson.databind.ObjectMapper["factory"]->com.fasterxml.jackson.databind.MappingJsonFactory["codec"]->com.fasterxml.jackson.databind.ObjectMapper["factory"]->com.fasterxml.jackson.databind.MappingJsonFactory["codec"]->com.fasterxml.jackson.databind.ObjectMapper["factory"]->com.fasterxml.jackson.databind.MappingJsonFactory["codec"]->com.fasterxml.jackson.databind.ObjectMapper["factory"]->com.fasterxml.jackson.databind.MappingJsonFactory["codec"]->com.fasterxml.jackson.databind.ObjectMapper["factory"]->com.fasterxml.jackson.databind.MappingJsonFactory["codec"]->com.fasterxml.jackson.databind.ObjectMapper["factory"]->com.fasterxml.jackson.databind.MappingJsonFactory["codec"]->com.fasterxml.jackson.databind.ObjectMapper["factory"]->com.fasterxml.jackson.databind.MappingJsonFactory["codec"]->com.fasterxml.jackson.databind.ObjectMapper["factory"]->com.fasterxml.jackson.databind.MappingJsonFactory["codec"]->com.fasterxml.jackson.databind.ObjectMapper["factory"]->com.fasterxml.jackson.databind.MappingJsonFactory["codec"]->com.fasterxml.jackson.databind.ObjectMapper["factory"]->com.fasterxml.jackson.databind.MappingJsonFactory["codec"]->com.fasterxml.jackson.databind.ObjectMapper["factory"]->com.fasterxml.jackson.databind.MappingJsonFactory["codec"]->com.fasterxml.jackson.databind.ObjectMapper["factory"]->com.fasterxml.jackson.databind.MappingJsonFactory["codec"]->com.fasterxml.jackson.databind.ObjectMapper["factory"]->com.fasterxml.jackson.databind.MappingJsonFactory["codec"]->com.fasterxml.jackson.databind.ObjectMapper["factory"]->com.fasterxml.jackson.databind.MappingJsonFactory["codec"]->com.fasterxml.jackson.databind.ObjectMapper["factory"]->com.fasterxml.jackson.databind.MappingJsonFactory["codec"]->com.fasterxml.jackson.databind.ObjectMapper["factory"]->com.fasterxml.jackson.databind.MappingJsonFactory["codec"]->com.fasterxml.jackson.databind.ObjectMapper["factory"]->com.fasterxml.jackson.databind.MappingJsonFactory["codec"]->com.fasterxml.jackson.databind.ObjectMapper["factory"]->com.fasterxml.jackson.databind.MappingJsonFactory["codec"]->com.fasterxml.jackson.databind.ObjectMapper["factory"]->com.fasterxml.jackson.databind.MappingJsonFactory["codec"]->com.fasterxml.jackson.databind.ObjectMapper["factory"]->com.fasterxml.jackson.databind.MappingJsonFactory["codec"]->com.fasterxml.jackson.databind.ObjectMapper["factory"]->com.fasterxml.jackson.databind.MappingJsonFactory["codec"]->com.fasterxml.jackson.databind.ObjectMapper["factory"]->com.fasterxml.jackson.databind.MappingJsonFactory["codec"]->com.fasterxml.jackson.databind.ObjectMapper["factory"]->com.fasterxml.jackson.databind.MappingJsonFactory["codec"]->com.fasterxml.jackson.databind.ObjectMapper["factory"]->com.fasterxml.jackson.databind.MappingJsonFactory["codec"]->com.fasterxml.jackson.databind.ObjectMapper["factory"]->com.fasterxml.jackson.databind.MappingJsonFactory["codec"]->com.fasterxml.jackson.databind.ObjectMapper["factory"]->com.fasterxml.jackson.databind.MappingJsonFactory["codec"]->com.fasterxml.jackson.databind.ObjectMapper["factory"]->com.fasterxml.jackson.databind.MappingJsonFactory["codec"]->com.fasterxml.jackson.databind.ObjectMapper["factory"]->com.fasterxml.jackson.databind.MappingJsonFactory["codec"]->com.fasterxml.jackson.databind.ObjectMapper["factory"]->com.fasterxml.jackson.databind.MappingJsonFactory["codec"]->com.fasterxml.jackson.databind.ObjectMapper["factory"]->com.fasterxml.jackson.databind.MappingJsonFactory["codec"]->com.fasterxml.jackson.databind.ObjectMapper["factory"]->com.fasterxml.jackson.databind.MappingJsonFactory["codec"]->com.fasterxml.jackson.databind.ObjectMapper["factory"]->com.fasterxml.jackson.databind.MappingJsonFactory["codec"]->com.fasterxml.jackson.databind.ObjectMapper["factory"]->com.fasterxml.jackson.databind.MappingJsonFactory["codec"]->com.fasterxml.jackson.databind.ObjectMapper["factory"]->com.fasterxml.jackson.databind.MappingJsonFactory["codec"]->com.fasterxml.jackson.databind.ObjectMapper["factory"]->com.fasterxml.jackson.databind.MappingJsonFactory["codec"]->com.fasterxml.jackson.databind.ObjectMapper["factory"]->com.fasterxml.jackson.databind.MappingJsonFactory["codec"]->com.fasterxml.jackson.databind.ObjectMapper["factory"]->com.fasterxml.jackson.databind.MappingJsonFactory["codec"]->com.fasterxml.jackson.databind.ObjectMapper["factory"]->com.fasterxml.jackson.databind.MappingJsonFactory["codec"]->com.fasterxml.jackson.databind.ObjectMapper["factory"]->com.fasterxml.jackson.databind.MappingJsonFactory["codec"]->com.fasterxml.jackson.databind.ObjectMapper["factory"]->com.fasterxml.jackson.databind.MappingJsonFactory["codec"]->com.fasterxml.jackson.databind.ObjectMapper["factory"]->com.fasterxml.jackson.databind.MappingJsonFactory["codec"]->com.fasterxml.jackson.databind.ObjectMapper["factory"]->com.fasterxml.jackson.databind.MappingJsonFactory["codec"]->com.fasterxml.jackson.databind.ObjectMapper["factory"]->com.fasterxml.jackson.databind.MappingJsonFactory["codec"]->com.fasterxml.jackson.databind.ObjectMapper["factory"]->com.fasterxml.jackson.databind.MappingJsonFactory["codec"]->com.fasterxml.jackson.databind.ObjectMapper["factory"]->com.fasterxml.jackson.databind.MappingJsonFactory["codec"]->com.fasterxml.jackson.databind.ObjectMapper["factory"]->com.fasterxml.jackson.databind.MappingJsonFactory["codec"]->com.fasterxml.jackson.databind.ObjectMapper["factory"]->com.fasterxml.jackson.databind.MappingJsonFactory["codec"]->com.fasterxml.jackson.databind.ObjectMapper["factory"]->com.fasterxml.jackson.databind.MappingJsonFactory["codec"]->com.fasterxml.jackson.databind.ObjectMapper["factory"]->com.fasterxml.jackson.databind.MappingJsonFactory["codec"]->com.fasterxml.jackson.databind.ObjectMapper["factory"]->com.fasterxml.jackson.databind.MappingJsonFactory["codec"]->com.fasterxml.jackson.databind.ObjectMapper["factory"]->com.fasterxml.jackson.databind.MappingJsonFactory["codec"]->com.fasterxml.jackson.databind.ObjectMapper["factory"]->com.fasterxml.jackson.databind.Mapping
[...]
at com.fasterxml.jackson.databind.ser.BeanPropertyWriter.serializeAsField(BeanPropertyWriter.java:727)
at com.fasterxml.jackson.databind.ser.std.BeanSerializerBase.serializeFields(BeanSerializerBase.java:722)
at com.fasterxml.jackson.databind.ser.BeanSerializer.serialize(BeanSerializer.java:166)
at com.fasterxml.jackson.databind.ser.BeanPropertyWriter.serializeAsField(BeanPropertyWriter.java:727)
at com.fasterxml.jackson.databind.ser.std.BeanSerializerBase.serializeFields(BeanSerializerBase.java:722)
at com.fasterxml.jackson.databind.ser.BeanSerializer.serialize(BeanSerializer.java:166)
at com.fasterxml.jackson.databind.ser.BeanPropertyWriter.serializeAsField(BeanPropertyWriter.java:727)
at com.fasterxml.jackson.databind.ser.std.BeanSerializerBase.serializeFields(BeanSerializerBase.java:722)
at com.fasterxml.jackson.databind.ser.BeanSerializer.serialize(BeanSerializer.java:166)
at com.fasterxml.jackson.databind.ser.BeanPropertyWriter.serializeAsField(BeanPropertyWriter.java:727)
at com.fasterxml.jackson.databind.ser.std.BeanSerializerBase.serializeFields(BeanSerializerBase.java:722)
at com.fasterxml.jackson.databind.ser.BeanSerializer.serialize(BeanSerializer.java:166)
at com.fasterxml.jackson.databind.ser.BeanPropertyWriter.serializeAsField(BeanPropertyWriter.java:727)
at com.fasterxml.jackson.databind.ser.std.BeanSerializerBase.serializeFields(BeanSerializerBase.java:722)
at com.fasterxml.jackson.databind.ser.BeanSerializer.serialize(BeanSerializer.java:166)
at com.fasterxml.jackson.databind.ser.BeanPropertyWriter.serializeAsField(BeanPropertyWriter.java:727)
at com.fasterxml.jackson.databind.ser.std.BeanSerializerBase.serializeFields(BeanSerializerBase.java:722)
at com.fasterxml.jackson.databind.ser.BeanSerializer.serialize(BeanSerializer.java:166)
at com.fasterxml.jackson.databind.ser.BeanPropertyWriter.serializeAsField(BeanPropertyWriter.java:727)
at com.fasterxml.jackson.databind.ser.std.BeanSerializerBase.serializeFields(BeanSerializerBase.java:722)
at com.fasterxml.jackson.databind.ser.BeanSerializer.serialize(BeanSerializer.java:166)
at com.fasterxml.jackson.databind.ser.BeanPropertyWriter.serializeAsField(BeanPropertyWriter.java:727)
at com.fasterxml.jackson.databind.ser.std.BeanSerializerBase.serializeFields(BeanSerializerBase.java:722)
at com.fasterxml.jackson.databind.ser.BeanSerializer.serialize(BeanSerializer.java:166)
at com.fasterxml.jackson.databind.ser.BeanPropertyWriter.serializeAsField(BeanPropertyWriter.java:727)
at com.fasterxml.jackson.databind.ser.std.BeanSerializerBase.serializeFields(BeanSerializerBase.java:722)
at com.fasterxml.jackson.databind.ser.BeanSerializer.serialize(BeanSerializer.java:166)
at com.fasterxml.jackson.databind.ser.BeanPropertyWriter.serializeAsField(BeanPropertyWriter.java:727)
at com.fasterxml.jackson.databind.ser.std.BeanSerializerBase.serializeFields(BeanSerializerBase.java:722)
at com.fasterxml.jackson.databind.ser.BeanSerializer.serialize(BeanSerializer.java:166)
at com.fasterxml.jackson.databind.ser.BeanPropertyWriter.serializeAsField(BeanPropertyWriter.java:727)
at com.fasterxml.jackson.databind.ser.std.BeanSerializerBase.serializeFields(BeanSerializerBase.java:722)
at com.fasterxml.jackson.databind.ser.BeanSerializer.serialize(BeanSerializer.java:166)
at com.fasterxml.jackson.databind.ser.BeanPropertyWriter.serializeAsField(BeanPropertyWriter.java:727)
at com.fasterxml.jackson.databind.ser.std.BeanSerializerBase.serializeFields(BeanSerializerBase.java:722)
at com.fasterxml.jackson.databind.ser.BeanSerializer.serialize(BeanSerializer.java:166)
at com.fasterxml.jackson.databind.ser.BeanPropertyWriter.serializeAsField(BeanPropertyWriter.java:727)
at com.fasterxml.jackson.databind.ser.std.BeanSerializerBase.serializeFields(BeanSerializerBase.java:722)
at com.fasterxml.jackson.databind.ser.BeanSerializer.serialize(BeanSerializer.java:166)
at com.fasterxml.jackson.databind.ser.BeanPropertyWriter.serializeAsField(BeanPropertyWriter.java:727)
at com.fasterxml.jackson.databind.ser.std.BeanSerializerBase.serializeFields(BeanSerializerBase.java:722)
at com.fasterxml.jackson.databind.ser.BeanSerializer.serialize(BeanSerializer.java:166)
at com.fasterxml.jackson.databind.ser.BeanPropertyWriter.serializeAsField(BeanPropertyWriter.java:727)
at com.fasterxml.jackson.databind.ser.std.BeanSerializerBase.serializeFields(BeanSerializerBase.java:722)
at com.fasterxml.jackson.databind.ser.BeanSerializer.serialize(BeanSerializer.java:166)
at com.fasterxml.jackson.databind.ser.BeanPropertyWriter.serializeAsField(BeanPropertyWriter.java:727)
at com.fasterxml.jackson.databind.ser.std.BeanSerializerBase.serializeFields(BeanSerializerBase.java:722)
at com.fasterxml.jackson.databind.ser.BeanSerializer.serialize(BeanSerializer.java:166)
at com.fasterxml.jackson.databind.ser.BeanPropertyWriter.serializeAsField(BeanPropertyWriter.java:727)
at com.fasterxml.jackson.databind.ser.std.BeanSerializerBase.serializeFields(BeanSerializerBase.java:722)
at com.fasterxml.jackson.databind.ser.BeanSerializer.serialize(BeanSerializer.java:166)
at com.fasterxml.jackson.databind.ser.BeanPropertyWriter.serializeAsField(BeanPropertyWriter.java:727)
at com.fasterxml.jackson.databind.ser.std.BeanSerializerBase.serializeFields(BeanSerializerBase.java:722)
at com.fasterxml.jackson.databind.ser.BeanSerializer.serialize(BeanSerializer.java:166)
at com.fasterxml.jackson.databind.ser.BeanPropertyWriter.serializeAsField(BeanPropertyWriter.java:727)
at com.fasterxml.jackson.databind.ser.std.BeanSerializerBase.serializeFields(BeanSerializerBase.java:722)
at com.fasterxml.jackson.databind.ser.BeanSerializer.serialize(BeanSerializer.java:166)
at com.fasterxml.jackson.databind.ser.BeanPropertyWriter.serializeAsField(BeanPropertyWriter.java:727)
at com.fasterxml.jackson.databind.ser.std.BeanSerializerBase.serializeFields(BeanSerializerBase.java:722)
at com.fasterxml.jackson.databind.ser.BeanSerializer.serialize(BeanSerializer.java:166)
at com.fasterxml.jackson.databind.ser.BeanPropertyWriter.serializeAsField(BeanPropertyWriter.java:727)
at com.fasterxml.jackson.databind.ser.std.BeanSerializerBase.serializeFields(BeanSerializerBase.java:722)
at com.fasterxml.jackson.databind.ser.BeanSerializer.serialize(BeanSerializer.java:166)
at com.fasterxml.jackson.databind.ser.BeanPropertyWriter.serializeAsField(BeanPropertyWriter.java:727)
at com.fasterxml.jackson.databind.ser.std.BeanSerializerBase.serializeFields(BeanSerializerBase.java:722)
at com.fasterxml.jackson.databind.ser.BeanSerializer.serialize(BeanSerializer.java:166)
at com.fasterxml.jackson.databind.ser.BeanPropertyWriter.serializeAsField(BeanPropertyWriter.java:727)
at com.fasterxml.jackson.databind.ser.std.BeanSerializerBase.serializeFields(BeanSerializerBase.java:722)
at com.fasterxml.jackson.databind.ser.BeanSerializer.serialize(BeanSerializer.java:166)
at com.fasterxml.jackson.databind.ser.BeanPropertyWriter.serializeAsField(BeanPropertyWriter.java:727)
at com.fasterxml.jackson.databind.ser.std.BeanSerializerBase.serializeFields(BeanSerializerBase.java:722)
at com.fasterxml.jackson.databind.ser.BeanSerializer.serialize(BeanSerializer.java:166)
at com.fasterxml.jackson.databind.ser.BeanPropertyWriter.serializeAsField(BeanPropertyWriter.java:727)
at com.fasterxml.jackson.databind.ser.std.BeanSerializerBase.serializeFields(BeanSerializerBase.java:722)
at com.fasterxml.jackson.databind.ser.BeanSerializer.serialize(BeanSerializer.java:166)
at com.fasterxml.jackson.databind.ser.BeanPropertyWriter.serializeAsField(BeanPropertyWriter.java:727)
at com.fasterxml.jackson.databind.ser.std.BeanSerializerBase.serializeFields(BeanSerializerBase.java:722)
at com.fasterxml.jackson.databind.ser.BeanSerializer.serialize(BeanSerializer.java:166)
at com.fasterxml.jackson.databind.ser.BeanPropertyWriter.serializeAsField(BeanPropertyWriter.java:727)
at com.fasterxml.jackson.databind.ser.std.BeanSerializerBase.serializeFields(BeanSerializerBase.java:722)
at com.fasterxml.jackson.databind.ser.BeanSerializer.serialize(BeanSerializer.java:166)
at com.fasterxml.jackson.databind.ser.BeanPropertyWriter.serializeAsField(BeanPropertyWriter.java:727)
at com.fasterxml.jackson.databind.ser.std.BeanSerializerBase.serializeFields(BeanSerializerBase.java:722)
at com.fasterxml.jackson.databind.ser.BeanSerializer.serialize(BeanSerializer.java:166)
at com.fasterxml.jackson.databind.ser.BeanPropertyWriter.serializeAsField(BeanPropertyWriter.java:727)
at com.fasterxml.jackson.databind.ser.std.BeanSerializerBase.serializeFields(BeanSerializerBase.java:722)
at com.fasterxml.jackson.databind.ser.BeanSerializer.serialize(BeanSerializer.java:166)
at com.fasterxml.jackson.databind.ser.BeanPropertyWriter.serializeAsField(BeanPropertyWriter.java:727)
at com.fasterxml.jackson.databind.ser.std.BeanSerializerBase.serializeFields(BeanSerializerBase.java:722)
at com.fasterxml.jackson.databind.ser.BeanSerializer.serialize(BeanSerializer.java:166)
at com.fasterxml.jackson.databind.ser.BeanPropertyWriter.serializeAsField(BeanPropertyWriter.java:727)
at com.fasterxml.jackson.databind.ser.std.BeanSerializerBase.serializeFields(BeanSerializerBase.java:722)
at com.fasterxml.jackson.databind.ser.BeanSerializer.serialize(BeanSerializer.java:166)
at com.fasterxml.jackson.databind.ser.BeanPropertyWriter.serializeAsField(BeanPropertyWriter.java:727)
at com.fasterxml.jackson.databind.ser.std.BeanSerializerBase.serializeFields(BeanSerializerBase.java:722)
at com.fasterxml.jackson.databind.ser.BeanSerializer.serialize(BeanSerializer.java:166)
at com.fasterxml.jackson.databind.ser.BeanPropertyWriter.serializeAsField(BeanPropertyWriter.java:727)
at com.fasterxml.jackson.databind.ser.std.BeanSerializerBase.serializeFields(BeanSerializerBase.java:722)
at com.fasterxml.jackson.databind.ser.BeanSerializer.serialize(BeanSerializer.java:166)
at com.fasterxml.jackson.databind.ser.BeanPropertyWriter.serializeAsField(BeanPropertyWriter.java:727)
at com.fasterxml.jackson.databind.ser.std.BeanSerializerBase.serializeFields(BeanSerializerBase.java:722)
at com.fasterxml.jackson.databind.ser.BeanSerializer.serialize(BeanSerializer.java:166)
at com.fasterxml.jackson.databind.ser.BeanPropertyWriter.serializeAsField(BeanPropertyWriter.java:727)
at com.fasterxml.jackson.databind.ser.std.BeanSerializerBase.serializeFields(BeanSerializerBase.java:722)
at com.fasterxml.jackson.databind.ser.BeanSerializer.serialize(BeanSerializer.java:166)
at com.fasterxml.jackson.databind.ser.BeanPropertyWriter.serializeAsField(BeanPropertyWriter.java:727)
at com.fasterxml.jackson.databind.ser.std.BeanSerializerBase.serializeFields(BeanSerializerBase.java:722)
at com.fasterxml.jackson.databind.ser.BeanSerializer.serialize(BeanSerializer.java:166)
at com.fasterxml.jackson.databind.ser.BeanPropertyWriter.serializeAsField(BeanPropertyWriter.java:727)
at com.fasterxml.jackson.databind.ser.std.BeanSerializerBase.serializeFields(BeanSerializerBase.java:722)
at com.fasterxml.jackson.databind.ser.BeanSerializer.serialize(BeanSerializer.java:166)
at com.fasterxml.jackson.databind.ser.BeanPropertyWriter.serializeAsField(BeanPropertyWriter.java:727)
at com.fasterxml.jackson.databind.ser.std.BeanSerializerBase.serializeFields(BeanSerializerBase.java:722)
at com.fasterxml.jackson.databind.ser.BeanSerializer.serialize(BeanSerializer.java:166)
at com.fasterxml.jackson.databind.ser.BeanPropertyWriter.serializeAsField(BeanPropertyWriter.java:727)
at com.fasterxml.jackson.databind.ser.std.BeanSerializerBase.serializeFields(BeanSerializerBase.java:722)
at com.fasterxml.jackson.databind.ser.BeanSerializer.serialize(BeanSerializer.java:166)
at com.fasterxml.jackson.databind.ser.BeanPropertyWriter.serializeAsField(BeanPropertyWriter.java:727)
at com.fasterxml.jackson.databind.ser.std.BeanSerializerBase.serializeFields(BeanSerializerBase.java:722)
at com.fasterxml.jackson.databind.ser.BeanSerializer.serialize(BeanSerializer.java:166)
at com.fasterxml.jackson.databind.ser.BeanPropertyWriter.serializeAsField(BeanPropertyWriter.java:727)
at com.fasterxml.jackson.databind.ser.std.BeanSerializerBase.serializeFields(BeanSerializerBase.java:722)
at com.fasterxml.jackson.databind.ser.BeanSerializer.serialize(BeanSerializer.java:166)
at com.fasterxml.jackson.databind.ser.BeanPropertyWriter.serializeAsField(BeanPropertyWriter.java:727)
at com.fasterxml.jackson.databind.ser.std.BeanSerializerBase.serializeFields(BeanSerializerBase.java:722)
at com.fasterxml.jackson.databind.ser.BeanSerializer.serialize(BeanSerializer.java:166)
at com.fasterxml.jackson.databind.ser.BeanPropertyWriter.serializeAsField(BeanPropertyWriter.java:727)
at com.fasterxml.jackson.databind.ser.std.BeanSerializerBase.serializeFields(BeanSerializerBase.java:722)
at com.fasterxml.jackson.databind.ser.BeanSerializer.serialize(BeanSerializer.java:166)
at com.fasterxml.jackson.databind.ser.BeanPropertyWriter.serializeAsField(BeanPropertyWriter.java:727)
at com.fasterxml.jackson.databind.ser.std.BeanSerializerBase.serializeFields(BeanSerializerBase.java:722)
at com.fasterxml.jackson.databind.ser.BeanSerializer.serialize(BeanSerializer.java:166)
at com.fasterxml.jackson.databind.ser.BeanPropertyWriter.serializeAsField(BeanPropertyWriter.java:727)
at com.fasterxml.jackson.databind.ser.std.BeanSerializerBase.serializeFields(BeanSerializerBase.java:722)
at com.fasterxml.jackson.databind.ser.BeanSerializer.serialize(BeanSerializer.java:166)
at com.fasterxml.jackson.databind.ser.BeanPropertyWriter.serializeAsField(BeanPropertyWriter.java:727)
at com.fasterxml.jackson.databind.ser.std.BeanSerializerBase.serializeFields(BeanSerializerBase.java:722)
at com.fasterxml.jackson.databind.ser.BeanSerializer.serialize(BeanSerializer.java:166)
at com.fasterxml.jackson.databind.ser.BeanPropertyWriter.serializeAsField(BeanPropertyWriter.java:727)
at com.fasterxml.jackson.databind.ser.std.BeanSerializerBase.serializeFields(BeanSerializerBase.java:722)
at com.fasterxml.jackson.databind.ser.BeanSerializer.serialize(BeanSerializer.java:166)
at com.fasterxml.jackson.databind.ser.BeanPropertyWriter.serializeAsField(BeanPropertyWriter.java:727)
at com.fasterxml.jackson.databind.ser.std.BeanSerializerBase.serializeFields(BeanSerializerBase.java:722)
at com.fasterxml.jackson.databind.ser.BeanSerializer.serialize(BeanSerializer.java:166)
at com.fasterxml.jackson.databind.ser.BeanPropertyWriter.serializeAsField(BeanPropertyWriter.java:727)
at com.fasterxml.jackson.databind.ser.std.BeanSerializerBase.serializeFields(BeanSerializerBase.java:722)
at com.fasterxml.jackson.databind.ser.BeanSerializer.serialize(BeanSerializer.java:166)
at com.fasterxml.jackson.databind.ser.BeanPropertyWriter.serializeAsField(BeanPropertyWriter.java:727)
at com.fasterxml.jackson.databind.ser.std.BeanSerializerBase.serializeFields(BeanSerializerBase.java:722)
at com.fasterxml.jackson.databind.ser.BeanSerializer.serialize(BeanSerializer.java:166)
at com.fasterxml.jackson.databind.ser.BeanPropertyWriter.serializeAsField(BeanPropertyWriter.java:727)
at com.fasterxml.jackson.databind.ser.std.BeanSerializerBase.serializeFields(BeanSerializerBase.java:722)
at com.fasterxml.jackson.databind.ser.BeanSerializer.serialize(BeanSerializer.java:166)
at com.fasterxml.jackson.databind.ser.BeanPropertyWriter.serializeAsField(BeanPropertyWriter.java:727)
at com.fasterxml.jackson.databind.ser.std.BeanSerializerBase.serializeFields(BeanSerializerBase.java:722)
at com.fasterxml.jackson.databind.ser.BeanSerializer.serialize(BeanSerializer.java:166)
at com.fasterxml.jackson.databind.ser.BeanPropertyWriter.serializeAsField(BeanPropertyWriter.java:727)
at com.fasterxml.jackson.databind.ser.std.BeanSerializerBase.serializeFields(BeanSerializerBase.java:722)
at com.fasterxml.jackson.databind.ser.BeanSerializer.serialize(BeanSerializer.java:166)
at com.fasterxml.jackson.databind.ser.BeanPropertyWriter.serializeAsField(BeanPropertyWriter.java:727)
at com.fasterxml.jackson.databind.ser.std.BeanSerializerBase.serializeFields(BeanSerializerBase.java:722)
at com.fasterxml.jackson.databind.ser.BeanSerializer.serialize(BeanSerializer.java:166)
at com.fasterxml.jackson.databind.ser.BeanPropertyWriter.serializeAsField(BeanPropertyWriter.java:727)
at com.fasterxml.jackson.databind.ser.std.BeanSerializerBase.serializeFields(BeanSerializerBase.java:722)
at com.fasterxml.jackson.databind.ser.BeanSerializer.serialize(BeanSerializer.java:166)
at com.fasterxml.jackson.databind.ser.BeanPropertyWriter.serializeAsField(BeanPropertyWriter.java:727)
at com.fasterxml.jackson.databind.ser.std.BeanSerializerBase.serializeFields(BeanSerializerBase.java:722)
at com.fasterxml.jackson.databind.ser.BeanSerializer.serialize(BeanSerializer.java:166)
at com.fasterxml.jackson.databind.ser.BeanPropertyWriter.serializeAsField(BeanPropertyWriter.java:727)
at com.fasterxml.jackson.databind.ser.std.BeanSerializerBase.serializeFields(BeanSerializerBase.java:722)
at com.fasterxml.jackson.databind.ser.BeanSerializer.serialize(BeanSerializer.java:166)
at com.fasterxml.jackson.databind.ser.BeanPropertyWriter.serializeAsField(BeanPropertyWriter.java:727)
at com.fasterxml.jackson.databind.ser.std.BeanSerializerBase.serializeFields(BeanSerializerBase.java:722)
at com.fasterxml.jackson.databind.ser.BeanSerializer.serialize(BeanSerializer.java:166)
at com.fasterxml.jackson.databind.ser.BeanPropertyWriter.serializeAsField(BeanPropertyWriter.java:727)
at com.fasterxml.jackson.databind.ser.std.BeanSerializerBase.serializeFields(BeanSerializerBase.java:722)
at com.fasterxml.jackson.databind.ser.BeanSerializer.serialize(BeanSerializer.java:166)
at com.fasterxml.jackson.databind.ser.BeanPropertyWriter.serializeAsField(BeanPropertyWriter.java:727)
at com.fasterxml.jackson.databind.ser.std.BeanSerializerBase.serializeFields(BeanSerializerBase.java:722)
at com.fasterxml.jackson.databind.ser.BeanSerializer.serialize(BeanSerializer.java:166)
at com.fasterxml.jackson.databind.ser.BeanPropertyWriter.serializeAsField(BeanPropertyWriter.java:727)
at com.fasterxml.jackson.databind.ser.std.BeanSerializerBase.serializeFields(BeanSerializerBase.java:722)
at com.fasterxml.jackson.databind.ser.BeanSerializer.serialize(BeanSerializer.java:166)
at com.fasterxml.jackson.databind.ser.BeanPropertyWriter.serializeAsField(BeanPropertyWriter.java:727)
at com.fasterxml.jackson.databind.ser.std.BeanSerializerBase.serializeFields(BeanSerializerBase.java:722)
at com.fasterxml.jackson.databind.ser.BeanSerializer.serialize(BeanSerializer.java:166)
at com.fasterxml.jackson.databind.ser.BeanPropertyWriter.serializeAsField(BeanPropertyWriter.java:727)
at com.fasterxml.jackson.databind.ser.std.BeanSerializerBase.serializeFields(BeanSerializerBase.java:722)
at com.fasterxml.jackson.databind.ser.BeanSerializer.serialize(BeanSerializer.java:166)
at com.fasterxml.jackson.databind.ser.BeanPropertyWriter.serializeAsField(BeanPropertyWriter.java:727)
at com.fasterxml.jackson.databind.ser.std.BeanSerializerBase.serializeFields(BeanSerializerBase.java:722)
Caused by: java.lang.StackOverflowError
at java.base/java.lang.ClassLoader.defineClass1(Native Method)
at java.base/java.lang.ClassLoader.defineClass(ClassLoader.java:1012)
at java.base/java.security.SecureClassLoader.defineClass(SecureClassLoader.java:150)
at java.base/jdk.internal.loader.BuiltinClassLoader.defineClass(BuiltinClassLoader.java:862)
at java.base/jdk.internal.loader.BuiltinClassLoader.findClassOnClassPathOrNull(BuiltinClassLoader.java:760)
at java.base/jdk.internal.loader.BuiltinClassLoader.loadClassOrNull(BuiltinClassLoader.java:681)
at java.base/jdk.internal.loader.BuiltinClassLoader.loadClass(BuiltinClassLoader.java:639)
at java.base/jdk.internal.loader.ClassLoaders$AppClassLoader.loadClass(ClassLoaders.java:188)
at java.base/java.lang.ClassLoader.loadClass(ClassLoader.java:520)
at com.fasterxml.jackson.databind.ser.std.BeanSerializerBase.serializeFields(BeanSerializerBase.java:740)
... 1014 more
]]>
    </error>
  </testcase> <!-- seriallise -->
  <system-out/>
</testsuite> <!-- SelfPractise_ApiTestscripts.MainRequestSerialise -->
